<?xml version="1.0" encoding="UTF-8"?>
<!-- Generated by org.testng.reporters.JUnitXMLReporter -->
<testsuite ignored="0" hostname="DESKTOP-C8IENHF" failures="15" tests="139" name="Test" time="7096.185" errors="0" timestamp="2022-09-20T19:49:29 IST">
  <testcase classname="commonBaseData.Base" name="@BeforeMethod setup" time="2.797">
    <failure type="org.openqa.selenium.WebDriverException" message="unknown error: net::ERR_INTERNET_DISCONNECTED
  (Session info: chrome=105.0.5195.127)
Build info: version: &amp;apos;4.2.2&amp;apos;, revision: &amp;apos;683ccb65d6&amp;apos;
System info: host: &amp;apos;DESKTOP-C8IENHF&amp;apos;, ip: &amp;apos;10.60.18.7&amp;apos;, os.name: &amp;apos;Windows 10&amp;apos;, os.arch: &amp;apos;amd64&amp;apos;, os.version: &amp;apos;10.0&amp;apos;, java.version: &amp;apos;11.0.14&amp;apos;
Driver info: org.openqa.selenium.chrome.ChromeDriver
Command: [97cde402e60cc75d25d72e85b668fe64, get {url=https://www.rugartisan.co.uk/}]
Capabilities {acceptInsecureCerts: false, browserName: chrome, browserVersion: 105.0.5195.127, chrome: {chromedriverVersion: 105.0.5195.52 (412c95e51883..., userDataDir: C:\Users\abc\AppData\Local\...}, goog:chromeOptions: {debuggerAddress: localhost:53054}, networkConnectionEnabled: false, pageLoadStrategy: normal, platformName: WINDOWS, proxy: Proxy(), se:cdp: ws://localhost:53054/devtoo..., se:cdpVersion: 105.0.5195.127, setWindowRect: true, strictFileInteractability: false, timeouts: {implicit: 0, pageLoad: 300000, script: 30000}, unhandledPromptBehavior: dismiss and notify, webauthn:extension:credBlob: true, webauthn:extension:largeBlob: true, webauthn:virtualAuthenticators: true}
Session ID: 97cde402e60cc75d25d72e85b668fe64">
      <![CDATA[org.openqa.selenium.WebDriverException: unknown error: net::ERR_INTERNET_DISCONNECTED
  (Session info: chrome=105.0.5195.127)
Build info: version: '4.2.2', revision: '683ccb65d6'
System info: host: 'DESKTOP-C8IENHF', ip: '10.60.18.7', os.name: 'Windows 10', os.arch: 'amd64', os.version: '10.0', java.version: '11.0.14'
Driver info: org.openqa.selenium.chrome.ChromeDriver
Command: [97cde402e60cc75d25d72e85b668fe64, get {url=https://www.rugartisan.co.uk/}]
Capabilities {acceptInsecureCerts: false, browserName: chrome, browserVersion: 105.0.5195.127, chrome: {chromedriverVersion: 105.0.5195.52 (412c95e51883..., userDataDir: C:\Users\abc\AppData\Local\...}, goog:chromeOptions: {debuggerAddress: localhost:53054}, networkConnectionEnabled: false, pageLoadStrategy: normal, platformName: WINDOWS, proxy: Proxy(), se:cdp: ws://localhost:53054/devtoo..., se:cdpVersion: 105.0.5195.127, setWindowRect: true, strictFileInteractability: false, timeouts: {implicit: 0, pageLoad: 300000, script: 30000}, unhandledPromptBehavior: dismiss and notify, webauthn:extension:credBlob: true, webauthn:extension:largeBlob: true, webauthn:virtualAuthenticators: true}
Session ID: 97cde402e60cc75d25d72e85b668fe64
at org.openqa.selenium.remote.codec.w3c.W3CHttpResponseCodec.createException(W3CHttpResponseCodec.java:200)
at org.openqa.selenium.remote.codec.w3c.W3CHttpResponseCodec.decode(W3CHttpResponseCodec.java:133)
at org.openqa.selenium.remote.codec.w3c.W3CHttpResponseCodec.decode(W3CHttpResponseCodec.java:53)
at org.openqa.selenium.remote.HttpCommandExecutor.execute(HttpCommandExecutor.java:184)
at org.openqa.selenium.remote.service.DriverCommandExecutor.invokeExecute(DriverCommandExecutor.java:167)
at org.openqa.selenium.remote.service.DriverCommandExecutor.execute(DriverCommandExecutor.java:142)
at org.openqa.selenium.remote.RemoteWebDriver.execute(RemoteWebDriver.java:588)
at org.openqa.selenium.remote.RemoteWebDriver.get(RemoteWebDriver.java:351)
at commonBaseData.Base.setup(Base.java:31)
at java.base/java.util.ArrayList.forEach(ArrayList.java:1541)
... Removed 34 stack frames]]>
    </failure>
  </testcase> <!-- @BeforeMethod setup -->
  <testcase classname="commonBaseData.Base" name="@AfterMethod close" time="-1.663683137614E9">
    <skipped/>
  </testcase> <!-- @AfterMethod close -->
  <testcase classname="commonBaseData.Base" name="@BeforeMethod setup" time="3.334">
    <failure type="org.openqa.selenium.WebDriverException" message="unknown error: net::ERR_INTERNET_DISCONNECTED
  (Session info: chrome=105.0.5195.127)
Build info: version: &amp;apos;4.2.2&amp;apos;, revision: &amp;apos;683ccb65d6&amp;apos;
System info: host: &amp;apos;DESKTOP-C8IENHF&amp;apos;, ip: &amp;apos;10.60.18.7&amp;apos;, os.name: &amp;apos;Windows 10&amp;apos;, os.arch: &amp;apos;amd64&amp;apos;, os.version: &amp;apos;10.0&amp;apos;, java.version: &amp;apos;11.0.14&amp;apos;
Driver info: org.openqa.selenium.chrome.ChromeDriver
Command: [1221317efd3fa635fe408f59b326d04d, get {url=https://www.rugartisan.co.uk/}]
Capabilities {acceptInsecureCerts: false, browserName: chrome, browserVersion: 105.0.5195.127, chrome: {chromedriverVersion: 105.0.5195.52 (412c95e51883..., userDataDir: C:\Users\abc\AppData\Local\...}, goog:chromeOptions: {debuggerAddress: localhost:53068}, networkConnectionEnabled: false, pageLoadStrategy: normal, platformName: WINDOWS, proxy: Proxy(), se:cdp: ws://localhost:53068/devtoo..., se:cdpVersion: 105.0.5195.127, setWindowRect: true, strictFileInteractability: false, timeouts: {implicit: 0, pageLoad: 300000, script: 30000}, unhandledPromptBehavior: dismiss and notify, webauthn:extension:credBlob: true, webauthn:extension:largeBlob: true, webauthn:virtualAuthenticators: true}
Session ID: 1221317efd3fa635fe408f59b326d04d">
      <![CDATA[org.openqa.selenium.WebDriverException: unknown error: net::ERR_INTERNET_DISCONNECTED
  (Session info: chrome=105.0.5195.127)
Build info: version: '4.2.2', revision: '683ccb65d6'
System info: host: 'DESKTOP-C8IENHF', ip: '10.60.18.7', os.name: 'Windows 10', os.arch: 'amd64', os.version: '10.0', java.version: '11.0.14'
Driver info: org.openqa.selenium.chrome.ChromeDriver
Command: [1221317efd3fa635fe408f59b326d04d, get {url=https://www.rugartisan.co.uk/}]
Capabilities {acceptInsecureCerts: false, browserName: chrome, browserVersion: 105.0.5195.127, chrome: {chromedriverVersion: 105.0.5195.52 (412c95e51883..., userDataDir: C:\Users\abc\AppData\Local\...}, goog:chromeOptions: {debuggerAddress: localhost:53068}, networkConnectionEnabled: false, pageLoadStrategy: normal, platformName: WINDOWS, proxy: Proxy(), se:cdp: ws://localhost:53068/devtoo..., se:cdpVersion: 105.0.5195.127, setWindowRect: true, strictFileInteractability: false, timeouts: {implicit: 0, pageLoad: 300000, script: 30000}, unhandledPromptBehavior: dismiss and notify, webauthn:extension:credBlob: true, webauthn:extension:largeBlob: true, webauthn:virtualAuthenticators: true}
Session ID: 1221317efd3fa635fe408f59b326d04d
at org.openqa.selenium.remote.codec.w3c.W3CHttpResponseCodec.createException(W3CHttpResponseCodec.java:200)
at org.openqa.selenium.remote.codec.w3c.W3CHttpResponseCodec.decode(W3CHttpResponseCodec.java:133)
at org.openqa.selenium.remote.codec.w3c.W3CHttpResponseCodec.decode(W3CHttpResponseCodec.java:53)
at org.openqa.selenium.remote.HttpCommandExecutor.execute(HttpCommandExecutor.java:184)
at org.openqa.selenium.remote.service.DriverCommandExecutor.invokeExecute(DriverCommandExecutor.java:167)
at org.openqa.selenium.remote.service.DriverCommandExecutor.execute(DriverCommandExecutor.java:142)
at org.openqa.selenium.remote.RemoteWebDriver.execute(RemoteWebDriver.java:588)
at org.openqa.selenium.remote.RemoteWebDriver.get(RemoteWebDriver.java:351)
at commonBaseData.Base.setup(Base.java:31)
at java.base/java.util.ArrayList.forEach(ArrayList.java:1541)
... Removed 34 stack frames]]>
    </failure>
  </testcase> <!-- @BeforeMethod setup -->
  <testcase classname="commonBaseData.Base" name="@AfterMethod close" time="-1.663683140953E9">
    <skipped/>
  </testcase> <!-- @AfterMethod close -->
  <testcase classname="commonBaseData.Base" name="@BeforeMethod setup" time="2.978">
    <failure type="org.openqa.selenium.WebDriverException" message="unknown error: net::ERR_INTERNET_DISCONNECTED
  (Session info: chrome=105.0.5195.127)
Build info: version: &amp;apos;4.2.2&amp;apos;, revision: &amp;apos;683ccb65d6&amp;apos;
System info: host: &amp;apos;DESKTOP-C8IENHF&amp;apos;, ip: &amp;apos;10.60.18.7&amp;apos;, os.name: &amp;apos;Windows 10&amp;apos;, os.arch: &amp;apos;amd64&amp;apos;, os.version: &amp;apos;10.0&amp;apos;, java.version: &amp;apos;11.0.14&amp;apos;
Driver info: org.openqa.selenium.chrome.ChromeDriver
Command: [cab31ab0325194f351c222adf62d515e, get {url=https://www.rugartisan.co.uk/}]
Capabilities {acceptInsecureCerts: false, browserName: chrome, browserVersion: 105.0.5195.127, chrome: {chromedriverVersion: 105.0.5195.52 (412c95e51883..., userDataDir: C:\Users\abc\AppData\Local\...}, goog:chromeOptions: {debuggerAddress: localhost:53088}, networkConnectionEnabled: false, pageLoadStrategy: normal, platformName: WINDOWS, proxy: Proxy(), se:cdp: ws://localhost:53088/devtoo..., se:cdpVersion: 105.0.5195.127, setWindowRect: true, strictFileInteractability: false, timeouts: {implicit: 0, pageLoad: 300000, script: 30000}, unhandledPromptBehavior: dismiss and notify, webauthn:extension:credBlob: true, webauthn:extension:largeBlob: true, webauthn:virtualAuthenticators: true}
Session ID: cab31ab0325194f351c222adf62d515e">
      <![CDATA[org.openqa.selenium.WebDriverException: unknown error: net::ERR_INTERNET_DISCONNECTED
  (Session info: chrome=105.0.5195.127)
Build info: version: '4.2.2', revision: '683ccb65d6'
System info: host: 'DESKTOP-C8IENHF', ip: '10.60.18.7', os.name: 'Windows 10', os.arch: 'amd64', os.version: '10.0', java.version: '11.0.14'
Driver info: org.openqa.selenium.chrome.ChromeDriver
Command: [cab31ab0325194f351c222adf62d515e, get {url=https://www.rugartisan.co.uk/}]
Capabilities {acceptInsecureCerts: false, browserName: chrome, browserVersion: 105.0.5195.127, chrome: {chromedriverVersion: 105.0.5195.52 (412c95e51883..., userDataDir: C:\Users\abc\AppData\Local\...}, goog:chromeOptions: {debuggerAddress: localhost:53088}, networkConnectionEnabled: false, pageLoadStrategy: normal, platformName: WINDOWS, proxy: Proxy(), se:cdp: ws://localhost:53088/devtoo..., se:cdpVersion: 105.0.5195.127, setWindowRect: true, strictFileInteractability: false, timeouts: {implicit: 0, pageLoad: 300000, script: 30000}, unhandledPromptBehavior: dismiss and notify, webauthn:extension:credBlob: true, webauthn:extension:largeBlob: true, webauthn:virtualAuthenticators: true}
Session ID: cab31ab0325194f351c222adf62d515e
at org.openqa.selenium.remote.codec.w3c.W3CHttpResponseCodec.createException(W3CHttpResponseCodec.java:200)
at org.openqa.selenium.remote.codec.w3c.W3CHttpResponseCodec.decode(W3CHttpResponseCodec.java:133)
at org.openqa.selenium.remote.codec.w3c.W3CHttpResponseCodec.decode(W3CHttpResponseCodec.java:53)
at org.openqa.selenium.remote.HttpCommandExecutor.execute(HttpCommandExecutor.java:184)
at org.openqa.selenium.remote.service.DriverCommandExecutor.invokeExecute(DriverCommandExecutor.java:167)
at org.openqa.selenium.remote.service.DriverCommandExecutor.execute(DriverCommandExecutor.java:142)
at org.openqa.selenium.remote.RemoteWebDriver.execute(RemoteWebDriver.java:588)
at org.openqa.selenium.remote.RemoteWebDriver.get(RemoteWebDriver.java:351)
at commonBaseData.Base.setup(Base.java:31)
at java.base/java.util.ArrayList.forEach(ArrayList.java:1541)
... Removed 34 stack frames]]>
    </failure>
  </testcase> <!-- @BeforeMethod setup -->
  <testcase classname="commonBaseData.Base" name="@AfterMethod close" time="-1.663683143937E9">
    <skipped/>
  </testcase> <!-- @AfterMethod close -->
  <testcase classname="commonBaseData.Base" name="@BeforeMethod setup" time="3.629">
    <failure type="org.openqa.selenium.WebDriverException" message="unknown error: net::ERR_INTERNET_DISCONNECTED
  (Session info: chrome=105.0.5195.127)
Build info: version: &amp;apos;4.2.2&amp;apos;, revision: &amp;apos;683ccb65d6&amp;apos;
System info: host: &amp;apos;DESKTOP-C8IENHF&amp;apos;, ip: &amp;apos;10.60.18.7&amp;apos;, os.name: &amp;apos;Windows 10&amp;apos;, os.arch: &amp;apos;amd64&amp;apos;, os.version: &amp;apos;10.0&amp;apos;, java.version: &amp;apos;11.0.14&amp;apos;
Driver info: org.openqa.selenium.chrome.ChromeDriver
Command: [5bf6c8be63f0455d958e06f5c31c5b04, get {url=https://www.rugartisan.co.uk/}]
Capabilities {acceptInsecureCerts: false, browserName: chrome, browserVersion: 105.0.5195.127, chrome: {chromedriverVersion: 105.0.5195.52 (412c95e51883..., userDataDir: C:\Users\abc\AppData\Local\...}, goog:chromeOptions: {debuggerAddress: localhost:53104}, networkConnectionEnabled: false, pageLoadStrategy: normal, platformName: WINDOWS, proxy: Proxy(), se:cdp: ws://localhost:53104/devtoo..., se:cdpVersion: 105.0.5195.127, setWindowRect: true, strictFileInteractability: false, timeouts: {implicit: 0, pageLoad: 300000, script: 30000}, unhandledPromptBehavior: dismiss and notify, webauthn:extension:credBlob: true, webauthn:extension:largeBlob: true, webauthn:virtualAuthenticators: true}
Session ID: 5bf6c8be63f0455d958e06f5c31c5b04">
      <![CDATA[org.openqa.selenium.WebDriverException: unknown error: net::ERR_INTERNET_DISCONNECTED
  (Session info: chrome=105.0.5195.127)
Build info: version: '4.2.2', revision: '683ccb65d6'
System info: host: 'DESKTOP-C8IENHF', ip: '10.60.18.7', os.name: 'Windows 10', os.arch: 'amd64', os.version: '10.0', java.version: '11.0.14'
Driver info: org.openqa.selenium.chrome.ChromeDriver
Command: [5bf6c8be63f0455d958e06f5c31c5b04, get {url=https://www.rugartisan.co.uk/}]
Capabilities {acceptInsecureCerts: false, browserName: chrome, browserVersion: 105.0.5195.127, chrome: {chromedriverVersion: 105.0.5195.52 (412c95e51883..., userDataDir: C:\Users\abc\AppData\Local\...}, goog:chromeOptions: {debuggerAddress: localhost:53104}, networkConnectionEnabled: false, pageLoadStrategy: normal, platformName: WINDOWS, proxy: Proxy(), se:cdp: ws://localhost:53104/devtoo..., se:cdpVersion: 105.0.5195.127, setWindowRect: true, strictFileInteractability: false, timeouts: {implicit: 0, pageLoad: 300000, script: 30000}, unhandledPromptBehavior: dismiss and notify, webauthn:extension:credBlob: true, webauthn:extension:largeBlob: true, webauthn:virtualAuthenticators: true}
Session ID: 5bf6c8be63f0455d958e06f5c31c5b04
at org.openqa.selenium.remote.codec.w3c.W3CHttpResponseCodec.createException(W3CHttpResponseCodec.java:200)
at org.openqa.selenium.remote.codec.w3c.W3CHttpResponseCodec.decode(W3CHttpResponseCodec.java:133)
at org.openqa.selenium.remote.codec.w3c.W3CHttpResponseCodec.decode(W3CHttpResponseCodec.java:53)
at org.openqa.selenium.remote.HttpCommandExecutor.execute(HttpCommandExecutor.java:184)
at org.openqa.selenium.remote.service.DriverCommandExecutor.invokeExecute(DriverCommandExecutor.java:167)
at org.openqa.selenium.remote.service.DriverCommandExecutor.execute(DriverCommandExecutor.java:142)
at org.openqa.selenium.remote.RemoteWebDriver.execute(RemoteWebDriver.java:588)
at org.openqa.selenium.remote.RemoteWebDriver.get(RemoteWebDriver.java:351)
at commonBaseData.Base.setup(Base.java:31)
at java.base/java.util.ArrayList.forEach(ArrayList.java:1541)
... Removed 34 stack frames]]>
    </failure>
  </testcase> <!-- @BeforeMethod setup -->
  <testcase classname="commonBaseData.Base" name="@AfterMethod close" time="-1.663683147574E9">
    <skipped/>
  </testcase> <!-- @AfterMethod close -->
  <testcase classname="commonBaseData.Base" name="@BeforeMethod setup" time="3.574">
    <failure type="org.openqa.selenium.WebDriverException" message="unknown error: net::ERR_INTERNET_DISCONNECTED
  (Session info: chrome=105.0.5195.127)
Build info: version: &amp;apos;4.2.2&amp;apos;, revision: &amp;apos;683ccb65d6&amp;apos;
System info: host: &amp;apos;DESKTOP-C8IENHF&amp;apos;, ip: &amp;apos;10.60.18.7&amp;apos;, os.name: &amp;apos;Windows 10&amp;apos;, os.arch: &amp;apos;amd64&amp;apos;, os.version: &amp;apos;10.0&amp;apos;, java.version: &amp;apos;11.0.14&amp;apos;
Driver info: org.openqa.selenium.chrome.ChromeDriver
Command: [c573854c755629dd79b890b2cf6ce8b1, get {url=https://www.rugartisan.co.uk/}]
Capabilities {acceptInsecureCerts: false, browserName: chrome, browserVersion: 105.0.5195.127, chrome: {chromedriverVersion: 105.0.5195.52 (412c95e51883..., userDataDir: C:\Users\abc\AppData\Local\...}, goog:chromeOptions: {debuggerAddress: localhost:53120}, networkConnectionEnabled: false, pageLoadStrategy: normal, platformName: WINDOWS, proxy: Proxy(), se:cdp: ws://localhost:53120/devtoo..., se:cdpVersion: 105.0.5195.127, setWindowRect: true, strictFileInteractability: false, timeouts: {implicit: 0, pageLoad: 300000, script: 30000}, unhandledPromptBehavior: dismiss and notify, webauthn:extension:credBlob: true, webauthn:extension:largeBlob: true, webauthn:virtualAuthenticators: true}
Session ID: c573854c755629dd79b890b2cf6ce8b1">
      <![CDATA[org.openqa.selenium.WebDriverException: unknown error: net::ERR_INTERNET_DISCONNECTED
  (Session info: chrome=105.0.5195.127)
Build info: version: '4.2.2', revision: '683ccb65d6'
System info: host: 'DESKTOP-C8IENHF', ip: '10.60.18.7', os.name: 'Windows 10', os.arch: 'amd64', os.version: '10.0', java.version: '11.0.14'
Driver info: org.openqa.selenium.chrome.ChromeDriver
Command: [c573854c755629dd79b890b2cf6ce8b1, get {url=https://www.rugartisan.co.uk/}]
Capabilities {acceptInsecureCerts: false, browserName: chrome, browserVersion: 105.0.5195.127, chrome: {chromedriverVersion: 105.0.5195.52 (412c95e51883..., userDataDir: C:\Users\abc\AppData\Local\...}, goog:chromeOptions: {debuggerAddress: localhost:53120}, networkConnectionEnabled: false, pageLoadStrategy: normal, platformName: WINDOWS, proxy: Proxy(), se:cdp: ws://localhost:53120/devtoo..., se:cdpVersion: 105.0.5195.127, setWindowRect: true, strictFileInteractability: false, timeouts: {implicit: 0, pageLoad: 300000, script: 30000}, unhandledPromptBehavior: dismiss and notify, webauthn:extension:credBlob: true, webauthn:extension:largeBlob: true, webauthn:virtualAuthenticators: true}
Session ID: c573854c755629dd79b890b2cf6ce8b1
at org.openqa.selenium.remote.codec.w3c.W3CHttpResponseCodec.createException(W3CHttpResponseCodec.java:200)
at org.openqa.selenium.remote.codec.w3c.W3CHttpResponseCodec.decode(W3CHttpResponseCodec.java:133)
at org.openqa.selenium.remote.codec.w3c.W3CHttpResponseCodec.decode(W3CHttpResponseCodec.java:53)
at org.openqa.selenium.remote.HttpCommandExecutor.execute(HttpCommandExecutor.java:184)
at org.openqa.selenium.remote.service.DriverCommandExecutor.invokeExecute(DriverCommandExecutor.java:167)
at org.openqa.selenium.remote.service.DriverCommandExecutor.execute(DriverCommandExecutor.java:142)
at org.openqa.selenium.remote.RemoteWebDriver.execute(RemoteWebDriver.java:588)
at org.openqa.selenium.remote.RemoteWebDriver.get(RemoteWebDriver.java:351)
at commonBaseData.Base.setup(Base.java:31)
at java.base/java.util.ArrayList.forEach(ArrayList.java:1541)
... Removed 34 stack frames]]>
    </failure>
  </testcase> <!-- @BeforeMethod setup -->
  <testcase classname="commonBaseData.Base" name="@AfterMethod close" time="-1.663683151157E9">
    <skipped/>
  </testcase> <!-- @AfterMethod close -->
  <testcase classname="commonBaseData.Base" name="@BeforeMethod setup" time="4.115">
    <failure type="org.openqa.selenium.WebDriverException" message="unknown error: net::ERR_INTERNET_DISCONNECTED
  (Session info: chrome=105.0.5195.127)
Build info: version: &amp;apos;4.2.2&amp;apos;, revision: &amp;apos;683ccb65d6&amp;apos;
System info: host: &amp;apos;DESKTOP-C8IENHF&amp;apos;, ip: &amp;apos;10.60.18.7&amp;apos;, os.name: &amp;apos;Windows 10&amp;apos;, os.arch: &amp;apos;amd64&amp;apos;, os.version: &amp;apos;10.0&amp;apos;, java.version: &amp;apos;11.0.14&amp;apos;
Driver info: org.openqa.selenium.chrome.ChromeDriver
Command: [b9db5f4074c2d9036d0b31294fdffbbe, get {url=https://www.rugartisan.co.uk/}]
Capabilities {acceptInsecureCerts: false, browserName: chrome, browserVersion: 105.0.5195.127, chrome: {chromedriverVersion: 105.0.5195.52 (412c95e51883..., userDataDir: C:\Users\abc\AppData\Local\...}, goog:chromeOptions: {debuggerAddress: localhost:53136}, networkConnectionEnabled: false, pageLoadStrategy: normal, platformName: WINDOWS, proxy: Proxy(), se:cdp: ws://localhost:53136/devtoo..., se:cdpVersion: 105.0.5195.127, setWindowRect: true, strictFileInteractability: false, timeouts: {implicit: 0, pageLoad: 300000, script: 30000}, unhandledPromptBehavior: dismiss and notify, webauthn:extension:credBlob: true, webauthn:extension:largeBlob: true, webauthn:virtualAuthenticators: true}
Session ID: b9db5f4074c2d9036d0b31294fdffbbe">
      <![CDATA[org.openqa.selenium.WebDriverException: unknown error: net::ERR_INTERNET_DISCONNECTED
  (Session info: chrome=105.0.5195.127)
Build info: version: '4.2.2', revision: '683ccb65d6'
System info: host: 'DESKTOP-C8IENHF', ip: '10.60.18.7', os.name: 'Windows 10', os.arch: 'amd64', os.version: '10.0', java.version: '11.0.14'
Driver info: org.openqa.selenium.chrome.ChromeDriver
Command: [b9db5f4074c2d9036d0b31294fdffbbe, get {url=https://www.rugartisan.co.uk/}]
Capabilities {acceptInsecureCerts: false, browserName: chrome, browserVersion: 105.0.5195.127, chrome: {chromedriverVersion: 105.0.5195.52 (412c95e51883..., userDataDir: C:\Users\abc\AppData\Local\...}, goog:chromeOptions: {debuggerAddress: localhost:53136}, networkConnectionEnabled: false, pageLoadStrategy: normal, platformName: WINDOWS, proxy: Proxy(), se:cdp: ws://localhost:53136/devtoo..., se:cdpVersion: 105.0.5195.127, setWindowRect: true, strictFileInteractability: false, timeouts: {implicit: 0, pageLoad: 300000, script: 30000}, unhandledPromptBehavior: dismiss and notify, webauthn:extension:credBlob: true, webauthn:extension:largeBlob: true, webauthn:virtualAuthenticators: true}
Session ID: b9db5f4074c2d9036d0b31294fdffbbe
at org.openqa.selenium.remote.codec.w3c.W3CHttpResponseCodec.createException(W3CHttpResponseCodec.java:200)
at org.openqa.selenium.remote.codec.w3c.W3CHttpResponseCodec.decode(W3CHttpResponseCodec.java:133)
at org.openqa.selenium.remote.codec.w3c.W3CHttpResponseCodec.decode(W3CHttpResponseCodec.java:53)
at org.openqa.selenium.remote.HttpCommandExecutor.execute(HttpCommandExecutor.java:184)
at org.openqa.selenium.remote.service.DriverCommandExecutor.invokeExecute(DriverCommandExecutor.java:167)
at org.openqa.selenium.remote.service.DriverCommandExecutor.execute(DriverCommandExecutor.java:142)
at org.openqa.selenium.remote.RemoteWebDriver.execute(RemoteWebDriver.java:588)
at org.openqa.selenium.remote.RemoteWebDriver.get(RemoteWebDriver.java:351)
at commonBaseData.Base.setup(Base.java:31)
at java.base/java.util.ArrayList.forEach(ArrayList.java:1541)
... Removed 34 stack frames]]>
    </failure>
  </testcase> <!-- @BeforeMethod setup -->
  <testcase classname="commonBaseData.Base" name="@AfterMethod close" time="-1.66368315528E9">
    <skipped/>
  </testcase> <!-- @AfterMethod close -->
  <testcase classname="commonBaseData.Base" name="@BeforeMethod setup" time="3.892">
    <failure type="org.openqa.selenium.WebDriverException" message="unknown error: net::ERR_INTERNET_DISCONNECTED
  (Session info: chrome=105.0.5195.127)
Build info: version: &amp;apos;4.2.2&amp;apos;, revision: &amp;apos;683ccb65d6&amp;apos;
System info: host: &amp;apos;DESKTOP-C8IENHF&amp;apos;, ip: &amp;apos;10.60.18.7&amp;apos;, os.name: &amp;apos;Windows 10&amp;apos;, os.arch: &amp;apos;amd64&amp;apos;, os.version: &amp;apos;10.0&amp;apos;, java.version: &amp;apos;11.0.14&amp;apos;
Driver info: org.openqa.selenium.chrome.ChromeDriver
Command: [3131ad9405103409d24d0f7c38519544, get {url=https://www.rugartisan.co.uk/}]
Capabilities {acceptInsecureCerts: false, browserName: chrome, browserVersion: 105.0.5195.127, chrome: {chromedriverVersion: 105.0.5195.52 (412c95e51883..., userDataDir: C:\Users\abc\AppData\Local\...}, goog:chromeOptions: {debuggerAddress: localhost:53152}, networkConnectionEnabled: false, pageLoadStrategy: normal, platformName: WINDOWS, proxy: Proxy(), se:cdp: ws://localhost:53152/devtoo..., se:cdpVersion: 105.0.5195.127, setWindowRect: true, strictFileInteractability: false, timeouts: {implicit: 0, pageLoad: 300000, script: 30000}, unhandledPromptBehavior: dismiss and notify, webauthn:extension:credBlob: true, webauthn:extension:largeBlob: true, webauthn:virtualAuthenticators: true}
Session ID: 3131ad9405103409d24d0f7c38519544">
      <![CDATA[org.openqa.selenium.WebDriverException: unknown error: net::ERR_INTERNET_DISCONNECTED
  (Session info: chrome=105.0.5195.127)
Build info: version: '4.2.2', revision: '683ccb65d6'
System info: host: 'DESKTOP-C8IENHF', ip: '10.60.18.7', os.name: 'Windows 10', os.arch: 'amd64', os.version: '10.0', java.version: '11.0.14'
Driver info: org.openqa.selenium.chrome.ChromeDriver
Command: [3131ad9405103409d24d0f7c38519544, get {url=https://www.rugartisan.co.uk/}]
Capabilities {acceptInsecureCerts: false, browserName: chrome, browserVersion: 105.0.5195.127, chrome: {chromedriverVersion: 105.0.5195.52 (412c95e51883..., userDataDir: C:\Users\abc\AppData\Local\...}, goog:chromeOptions: {debuggerAddress: localhost:53152}, networkConnectionEnabled: false, pageLoadStrategy: normal, platformName: WINDOWS, proxy: Proxy(), se:cdp: ws://localhost:53152/devtoo..., se:cdpVersion: 105.0.5195.127, setWindowRect: true, strictFileInteractability: false, timeouts: {implicit: 0, pageLoad: 300000, script: 30000}, unhandledPromptBehavior: dismiss and notify, webauthn:extension:credBlob: true, webauthn:extension:largeBlob: true, webauthn:virtualAuthenticators: true}
Session ID: 3131ad9405103409d24d0f7c38519544
at org.openqa.selenium.remote.codec.w3c.W3CHttpResponseCodec.createException(W3CHttpResponseCodec.java:200)
at org.openqa.selenium.remote.codec.w3c.W3CHttpResponseCodec.decode(W3CHttpResponseCodec.java:133)
at org.openqa.selenium.remote.codec.w3c.W3CHttpResponseCodec.decode(W3CHttpResponseCodec.java:53)
at org.openqa.selenium.remote.HttpCommandExecutor.execute(HttpCommandExecutor.java:184)
at org.openqa.selenium.remote.service.DriverCommandExecutor.invokeExecute(DriverCommandExecutor.java:167)
at org.openqa.selenium.remote.service.DriverCommandExecutor.execute(DriverCommandExecutor.java:142)
at org.openqa.selenium.remote.RemoteWebDriver.execute(RemoteWebDriver.java:588)
at org.openqa.selenium.remote.RemoteWebDriver.get(RemoteWebDriver.java:351)
at commonBaseData.Base.setup(Base.java:31)
at java.base/java.util.ArrayList.forEach(ArrayList.java:1541)
... Removed 34 stack frames]]>
    </failure>
  </testcase> <!-- @BeforeMethod setup -->
  <testcase classname="commonBaseData.Base" name="@AfterMethod close" time="-1.663683159179E9">
    <skipped/>
  </testcase> <!-- @AfterMethod close -->
  <testcase classname="commonBaseData.Base" name="@BeforeMethod setup" time="5.012">
    <failure type="org.openqa.selenium.WebDriverException" message="unknown error: net::ERR_INTERNET_DISCONNECTED
  (Session info: chrome=105.0.5195.127)
Build info: version: &amp;apos;4.2.2&amp;apos;, revision: &amp;apos;683ccb65d6&amp;apos;
System info: host: &amp;apos;DESKTOP-C8IENHF&amp;apos;, ip: &amp;apos;10.60.18.7&amp;apos;, os.name: &amp;apos;Windows 10&amp;apos;, os.arch: &amp;apos;amd64&amp;apos;, os.version: &amp;apos;10.0&amp;apos;, java.version: &amp;apos;11.0.14&amp;apos;
Driver info: org.openqa.selenium.chrome.ChromeDriver
Command: [54602aeb77c2522abb9761fbaf985932, get {url=https://www.rugartisan.co.uk/}]
Capabilities {acceptInsecureCerts: false, browserName: chrome, browserVersion: 105.0.5195.127, chrome: {chromedriverVersion: 105.0.5195.52 (412c95e51883..., userDataDir: C:\Users\abc\AppData\Local\...}, goog:chromeOptions: {debuggerAddress: localhost:53169}, networkConnectionEnabled: false, pageLoadStrategy: normal, platformName: WINDOWS, proxy: Proxy(), se:cdp: ws://localhost:53169/devtoo..., se:cdpVersion: 105.0.5195.127, setWindowRect: true, strictFileInteractability: false, timeouts: {implicit: 0, pageLoad: 300000, script: 30000}, unhandledPromptBehavior: dismiss and notify, webauthn:extension:credBlob: true, webauthn:extension:largeBlob: true, webauthn:virtualAuthenticators: true}
Session ID: 54602aeb77c2522abb9761fbaf985932">
      <![CDATA[org.openqa.selenium.WebDriverException: unknown error: net::ERR_INTERNET_DISCONNECTED
  (Session info: chrome=105.0.5195.127)
Build info: version: '4.2.2', revision: '683ccb65d6'
System info: host: 'DESKTOP-C8IENHF', ip: '10.60.18.7', os.name: 'Windows 10', os.arch: 'amd64', os.version: '10.0', java.version: '11.0.14'
Driver info: org.openqa.selenium.chrome.ChromeDriver
Command: [54602aeb77c2522abb9761fbaf985932, get {url=https://www.rugartisan.co.uk/}]
Capabilities {acceptInsecureCerts: false, browserName: chrome, browserVersion: 105.0.5195.127, chrome: {chromedriverVersion: 105.0.5195.52 (412c95e51883..., userDataDir: C:\Users\abc\AppData\Local\...}, goog:chromeOptions: {debuggerAddress: localhost:53169}, networkConnectionEnabled: false, pageLoadStrategy: normal, platformName: WINDOWS, proxy: Proxy(), se:cdp: ws://localhost:53169/devtoo..., se:cdpVersion: 105.0.5195.127, setWindowRect: true, strictFileInteractability: false, timeouts: {implicit: 0, pageLoad: 300000, script: 30000}, unhandledPromptBehavior: dismiss and notify, webauthn:extension:credBlob: true, webauthn:extension:largeBlob: true, webauthn:virtualAuthenticators: true}
Session ID: 54602aeb77c2522abb9761fbaf985932
at org.openqa.selenium.remote.codec.w3c.W3CHttpResponseCodec.createException(W3CHttpResponseCodec.java:200)
at org.openqa.selenium.remote.codec.w3c.W3CHttpResponseCodec.decode(W3CHttpResponseCodec.java:133)
at org.openqa.selenium.remote.codec.w3c.W3CHttpResponseCodec.decode(W3CHttpResponseCodec.java:53)
at org.openqa.selenium.remote.HttpCommandExecutor.execute(HttpCommandExecutor.java:184)
at org.openqa.selenium.remote.service.DriverCommandExecutor.invokeExecute(DriverCommandExecutor.java:167)
at org.openqa.selenium.remote.service.DriverCommandExecutor.execute(DriverCommandExecutor.java:142)
at org.openqa.selenium.remote.RemoteWebDriver.execute(RemoteWebDriver.java:588)
at org.openqa.selenium.remote.RemoteWebDriver.get(RemoteWebDriver.java:351)
at commonBaseData.Base.setup(Base.java:31)
at java.base/java.util.ArrayList.forEach(ArrayList.java:1541)
... Removed 34 stack frames]]>
    </failure>
  </testcase> <!-- @BeforeMethod setup -->
  <testcase classname="commonBaseData.Base" name="@AfterMethod close" time="-1.6636831642E9">
    <skipped/>
  </testcase> <!-- @AfterMethod close -->
  <testcase classname="commonBaseData.Base" name="@BeforeMethod setup" time="4.214">
    <failure type="org.openqa.selenium.WebDriverException" message="unknown error: net::ERR_INTERNET_DISCONNECTED
  (Session info: chrome=105.0.5195.127)
Build info: version: &amp;apos;4.2.2&amp;apos;, revision: &amp;apos;683ccb65d6&amp;apos;
System info: host: &amp;apos;DESKTOP-C8IENHF&amp;apos;, ip: &amp;apos;10.60.18.7&amp;apos;, os.name: &amp;apos;Windows 10&amp;apos;, os.arch: &amp;apos;amd64&amp;apos;, os.version: &amp;apos;10.0&amp;apos;, java.version: &amp;apos;11.0.14&amp;apos;
Driver info: org.openqa.selenium.chrome.ChromeDriver
Command: [b5c2db8ef5aacf95a6ff9038cd73ab18, get {url=https://www.rugartisan.co.uk/}]
Capabilities {acceptInsecureCerts: false, browserName: chrome, browserVersion: 105.0.5195.127, chrome: {chromedriverVersion: 105.0.5195.52 (412c95e51883..., userDataDir: C:\Users\abc\AppData\Local\...}, goog:chromeOptions: {debuggerAddress: localhost:53188}, networkConnectionEnabled: false, pageLoadStrategy: normal, platformName: WINDOWS, proxy: Proxy(), se:cdp: ws://localhost:53188/devtoo..., se:cdpVersion: 105.0.5195.127, setWindowRect: true, strictFileInteractability: false, timeouts: {implicit: 0, pageLoad: 300000, script: 30000}, unhandledPromptBehavior: dismiss and notify, webauthn:extension:credBlob: true, webauthn:extension:largeBlob: true, webauthn:virtualAuthenticators: true}
Session ID: b5c2db8ef5aacf95a6ff9038cd73ab18">
      <![CDATA[org.openqa.selenium.WebDriverException: unknown error: net::ERR_INTERNET_DISCONNECTED
  (Session info: chrome=105.0.5195.127)
Build info: version: '4.2.2', revision: '683ccb65d6'
System info: host: 'DESKTOP-C8IENHF', ip: '10.60.18.7', os.name: 'Windows 10', os.arch: 'amd64', os.version: '10.0', java.version: '11.0.14'
Driver info: org.openqa.selenium.chrome.ChromeDriver
Command: [b5c2db8ef5aacf95a6ff9038cd73ab18, get {url=https://www.rugartisan.co.uk/}]
Capabilities {acceptInsecureCerts: false, browserName: chrome, browserVersion: 105.0.5195.127, chrome: {chromedriverVersion: 105.0.5195.52 (412c95e51883..., userDataDir: C:\Users\abc\AppData\Local\...}, goog:chromeOptions: {debuggerAddress: localhost:53188}, networkConnectionEnabled: false, pageLoadStrategy: normal, platformName: WINDOWS, proxy: Proxy(), se:cdp: ws://localhost:53188/devtoo..., se:cdpVersion: 105.0.5195.127, setWindowRect: true, strictFileInteractability: false, timeouts: {implicit: 0, pageLoad: 300000, script: 30000}, unhandledPromptBehavior: dismiss and notify, webauthn:extension:credBlob: true, webauthn:extension:largeBlob: true, webauthn:virtualAuthenticators: true}
Session ID: b5c2db8ef5aacf95a6ff9038cd73ab18
at org.openqa.selenium.remote.codec.w3c.W3CHttpResponseCodec.createException(W3CHttpResponseCodec.java:200)
at org.openqa.selenium.remote.codec.w3c.W3CHttpResponseCodec.decode(W3CHttpResponseCodec.java:133)
at org.openqa.selenium.remote.codec.w3c.W3CHttpResponseCodec.decode(W3CHttpResponseCodec.java:53)
at org.openqa.selenium.remote.HttpCommandExecutor.execute(HttpCommandExecutor.java:184)
at org.openqa.selenium.remote.service.DriverCommandExecutor.invokeExecute(DriverCommandExecutor.java:167)
at org.openqa.selenium.remote.service.DriverCommandExecutor.execute(DriverCommandExecutor.java:142)
at org.openqa.selenium.remote.RemoteWebDriver.execute(RemoteWebDriver.java:588)
at org.openqa.selenium.remote.RemoteWebDriver.get(RemoteWebDriver.java:351)
at commonBaseData.Base.setup(Base.java:31)
at java.base/java.util.ArrayList.forEach(ArrayList.java:1541)
... Removed 34 stack frames]]>
    </failure>
  </testcase> <!-- @BeforeMethod setup -->
  <testcase classname="commonBaseData.Base" name="@AfterMethod close" time="-1.663683168421E9">
    <skipped/>
  </testcase> <!-- @AfterMethod close -->
  <testcase classname="commonBaseData.Base" name="@BeforeMethod setup" time="7.262">
    <failure type="org.openqa.selenium.WebDriverException" message="unknown error: net::ERR_INTERNET_DISCONNECTED
  (Session info: chrome=105.0.5195.127)
Build info: version: &amp;apos;4.2.2&amp;apos;, revision: &amp;apos;683ccb65d6&amp;apos;
System info: host: &amp;apos;DESKTOP-C8IENHF&amp;apos;, ip: &amp;apos;10.60.18.7&amp;apos;, os.name: &amp;apos;Windows 10&amp;apos;, os.arch: &amp;apos;amd64&amp;apos;, os.version: &amp;apos;10.0&amp;apos;, java.version: &amp;apos;11.0.14&amp;apos;
Driver info: org.openqa.selenium.chrome.ChromeDriver
Command: [6f17117d9363a7e984494fbb5dcac295, get {url=https://www.rugartisan.co.uk/}]
Capabilities {acceptInsecureCerts: false, browserName: chrome, browserVersion: 105.0.5195.127, chrome: {chromedriverVersion: 105.0.5195.52 (412c95e51883..., userDataDir: C:\Users\abc\AppData\Local\...}, goog:chromeOptions: {debuggerAddress: localhost:53204}, networkConnectionEnabled: false, pageLoadStrategy: normal, platformName: WINDOWS, proxy: Proxy(), se:cdp: ws://localhost:53204/devtoo..., se:cdpVersion: 105.0.5195.127, setWindowRect: true, strictFileInteractability: false, timeouts: {implicit: 0, pageLoad: 300000, script: 30000}, unhandledPromptBehavior: dismiss and notify, webauthn:extension:credBlob: true, webauthn:extension:largeBlob: true, webauthn:virtualAuthenticators: true}
Session ID: 6f17117d9363a7e984494fbb5dcac295">
      <![CDATA[org.openqa.selenium.WebDriverException: unknown error: net::ERR_INTERNET_DISCONNECTED
  (Session info: chrome=105.0.5195.127)
Build info: version: '4.2.2', revision: '683ccb65d6'
System info: host: 'DESKTOP-C8IENHF', ip: '10.60.18.7', os.name: 'Windows 10', os.arch: 'amd64', os.version: '10.0', java.version: '11.0.14'
Driver info: org.openqa.selenium.chrome.ChromeDriver
Command: [6f17117d9363a7e984494fbb5dcac295, get {url=https://www.rugartisan.co.uk/}]
Capabilities {acceptInsecureCerts: false, browserName: chrome, browserVersion: 105.0.5195.127, chrome: {chromedriverVersion: 105.0.5195.52 (412c95e51883..., userDataDir: C:\Users\abc\AppData\Local\...}, goog:chromeOptions: {debuggerAddress: localhost:53204}, networkConnectionEnabled: false, pageLoadStrategy: normal, platformName: WINDOWS, proxy: Proxy(), se:cdp: ws://localhost:53204/devtoo..., se:cdpVersion: 105.0.5195.127, setWindowRect: true, strictFileInteractability: false, timeouts: {implicit: 0, pageLoad: 300000, script: 30000}, unhandledPromptBehavior: dismiss and notify, webauthn:extension:credBlob: true, webauthn:extension:largeBlob: true, webauthn:virtualAuthenticators: true}
Session ID: 6f17117d9363a7e984494fbb5dcac295
at org.openqa.selenium.remote.codec.w3c.W3CHttpResponseCodec.createException(W3CHttpResponseCodec.java:200)
at org.openqa.selenium.remote.codec.w3c.W3CHttpResponseCodec.decode(W3CHttpResponseCodec.java:133)
at org.openqa.selenium.remote.codec.w3c.W3CHttpResponseCodec.decode(W3CHttpResponseCodec.java:53)
at org.openqa.selenium.remote.HttpCommandExecutor.execute(HttpCommandExecutor.java:184)
at org.openqa.selenium.remote.service.DriverCommandExecutor.invokeExecute(DriverCommandExecutor.java:167)
at org.openqa.selenium.remote.service.DriverCommandExecutor.execute(DriverCommandExecutor.java:142)
at org.openqa.selenium.remote.RemoteWebDriver.execute(RemoteWebDriver.java:588)
at org.openqa.selenium.remote.RemoteWebDriver.get(RemoteWebDriver.java:351)
at commonBaseData.Base.setup(Base.java:31)
at java.base/java.util.ArrayList.forEach(ArrayList.java:1541)
... Removed 34 stack frames]]>
    </failure>
  </testcase> <!-- @BeforeMethod setup -->
  <testcase classname="commonBaseData.Base" name="@AfterMethod close" time="-1.663683175689E9">
    <skipped/>
  </testcase> <!-- @AfterMethod close -->
  <testcase classname="commonBaseData.Base" name="@BeforeMethod setup" time="4.005">
    <failure type="org.openqa.selenium.WebDriverException" message="unknown error: net::ERR_INTERNET_DISCONNECTED
  (Session info: chrome=105.0.5195.127)
Build info: version: &amp;apos;4.2.2&amp;apos;, revision: &amp;apos;683ccb65d6&amp;apos;
System info: host: &amp;apos;DESKTOP-C8IENHF&amp;apos;, ip: &amp;apos;10.60.18.7&amp;apos;, os.name: &amp;apos;Windows 10&amp;apos;, os.arch: &amp;apos;amd64&amp;apos;, os.version: &amp;apos;10.0&amp;apos;, java.version: &amp;apos;11.0.14&amp;apos;
Driver info: org.openqa.selenium.chrome.ChromeDriver
Command: [cd687def1ac9811b966879ee1bf72c30, get {url=https://www.rugartisan.co.uk/}]
Capabilities {acceptInsecureCerts: false, browserName: chrome, browserVersion: 105.0.5195.127, chrome: {chromedriverVersion: 105.0.5195.52 (412c95e51883..., userDataDir: C:\Users\abc\AppData\Local\...}, goog:chromeOptions: {debuggerAddress: localhost:53231}, networkConnectionEnabled: false, pageLoadStrategy: normal, platformName: WINDOWS, proxy: Proxy(), se:cdp: ws://localhost:53231/devtoo..., se:cdpVersion: 105.0.5195.127, setWindowRect: true, strictFileInteractability: false, timeouts: {implicit: 0, pageLoad: 300000, script: 30000}, unhandledPromptBehavior: dismiss and notify, webauthn:extension:credBlob: true, webauthn:extension:largeBlob: true, webauthn:virtualAuthenticators: true}
Session ID: cd687def1ac9811b966879ee1bf72c30">
      <![CDATA[org.openqa.selenium.WebDriverException: unknown error: net::ERR_INTERNET_DISCONNECTED
  (Session info: chrome=105.0.5195.127)
Build info: version: '4.2.2', revision: '683ccb65d6'
System info: host: 'DESKTOP-C8IENHF', ip: '10.60.18.7', os.name: 'Windows 10', os.arch: 'amd64', os.version: '10.0', java.version: '11.0.14'
Driver info: org.openqa.selenium.chrome.ChromeDriver
Command: [cd687def1ac9811b966879ee1bf72c30, get {url=https://www.rugartisan.co.uk/}]
Capabilities {acceptInsecureCerts: false, browserName: chrome, browserVersion: 105.0.5195.127, chrome: {chromedriverVersion: 105.0.5195.52 (412c95e51883..., userDataDir: C:\Users\abc\AppData\Local\...}, goog:chromeOptions: {debuggerAddress: localhost:53231}, networkConnectionEnabled: false, pageLoadStrategy: normal, platformName: WINDOWS, proxy: Proxy(), se:cdp: ws://localhost:53231/devtoo..., se:cdpVersion: 105.0.5195.127, setWindowRect: true, strictFileInteractability: false, timeouts: {implicit: 0, pageLoad: 300000, script: 30000}, unhandledPromptBehavior: dismiss and notify, webauthn:extension:credBlob: true, webauthn:extension:largeBlob: true, webauthn:virtualAuthenticators: true}
Session ID: cd687def1ac9811b966879ee1bf72c30
at org.openqa.selenium.remote.codec.w3c.W3CHttpResponseCodec.createException(W3CHttpResponseCodec.java:200)
at org.openqa.selenium.remote.codec.w3c.W3CHttpResponseCodec.decode(W3CHttpResponseCodec.java:133)
at org.openqa.selenium.remote.codec.w3c.W3CHttpResponseCodec.decode(W3CHttpResponseCodec.java:53)
at org.openqa.selenium.remote.HttpCommandExecutor.execute(HttpCommandExecutor.java:184)
at org.openqa.selenium.remote.service.DriverCommandExecutor.invokeExecute(DriverCommandExecutor.java:167)
at org.openqa.selenium.remote.service.DriverCommandExecutor.execute(DriverCommandExecutor.java:142)
at org.openqa.selenium.remote.RemoteWebDriver.execute(RemoteWebDriver.java:588)
at org.openqa.selenium.remote.RemoteWebDriver.get(RemoteWebDriver.java:351)
at commonBaseData.Base.setup(Base.java:31)
at java.base/java.util.ArrayList.forEach(ArrayList.java:1541)
... Removed 34 stack frames]]>
    </failure>
  </testcase> <!-- @BeforeMethod setup -->
  <testcase classname="commonBaseData.Base" name="@AfterMethod close" time="-1.6636831797E9">
    <skipped/>
  </testcase> <!-- @AfterMethod close -->
  <testcase classname="commonBaseData.Base" name="@BeforeMethod setup" time="8.316">
    <failure type="org.openqa.selenium.WebDriverException" message="unknown error: net::ERR_INTERNET_DISCONNECTED
  (Session info: chrome=105.0.5195.127)
Build info: version: &amp;apos;4.2.2&amp;apos;, revision: &amp;apos;683ccb65d6&amp;apos;
System info: host: &amp;apos;DESKTOP-C8IENHF&amp;apos;, ip: &amp;apos;10.60.18.7&amp;apos;, os.name: &amp;apos;Windows 10&amp;apos;, os.arch: &amp;apos;amd64&amp;apos;, os.version: &amp;apos;10.0&amp;apos;, java.version: &amp;apos;11.0.14&amp;apos;
Driver info: org.openqa.selenium.chrome.ChromeDriver
Command: [eb4f59b97d3c33f97700c0d20ef4fc0f, get {url=https://www.rugartisan.co.uk/}]
Capabilities {acceptInsecureCerts: false, browserName: chrome, browserVersion: 105.0.5195.127, chrome: {chromedriverVersion: 105.0.5195.52 (412c95e51883..., userDataDir: C:\Users\abc\AppData\Local\...}, goog:chromeOptions: {debuggerAddress: localhost:53251}, networkConnectionEnabled: false, pageLoadStrategy: normal, platformName: WINDOWS, proxy: Proxy(), se:cdp: ws://localhost:53251/devtoo..., se:cdpVersion: 105.0.5195.127, setWindowRect: true, strictFileInteractability: false, timeouts: {implicit: 0, pageLoad: 300000, script: 30000}, unhandledPromptBehavior: dismiss and notify, webauthn:extension:credBlob: true, webauthn:extension:largeBlob: true, webauthn:virtualAuthenticators: true}
Session ID: eb4f59b97d3c33f97700c0d20ef4fc0f">
      <![CDATA[org.openqa.selenium.WebDriverException: unknown error: net::ERR_INTERNET_DISCONNECTED
  (Session info: chrome=105.0.5195.127)
Build info: version: '4.2.2', revision: '683ccb65d6'
System info: host: 'DESKTOP-C8IENHF', ip: '10.60.18.7', os.name: 'Windows 10', os.arch: 'amd64', os.version: '10.0', java.version: '11.0.14'
Driver info: org.openqa.selenium.chrome.ChromeDriver
Command: [eb4f59b97d3c33f97700c0d20ef4fc0f, get {url=https://www.rugartisan.co.uk/}]
Capabilities {acceptInsecureCerts: false, browserName: chrome, browserVersion: 105.0.5195.127, chrome: {chromedriverVersion: 105.0.5195.52 (412c95e51883..., userDataDir: C:\Users\abc\AppData\Local\...}, goog:chromeOptions: {debuggerAddress: localhost:53251}, networkConnectionEnabled: false, pageLoadStrategy: normal, platformName: WINDOWS, proxy: Proxy(), se:cdp: ws://localhost:53251/devtoo..., se:cdpVersion: 105.0.5195.127, setWindowRect: true, strictFileInteractability: false, timeouts: {implicit: 0, pageLoad: 300000, script: 30000}, unhandledPromptBehavior: dismiss and notify, webauthn:extension:credBlob: true, webauthn:extension:largeBlob: true, webauthn:virtualAuthenticators: true}
Session ID: eb4f59b97d3c33f97700c0d20ef4fc0f
at org.openqa.selenium.remote.codec.w3c.W3CHttpResponseCodec.createException(W3CHttpResponseCodec.java:200)
at org.openqa.selenium.remote.codec.w3c.W3CHttpResponseCodec.decode(W3CHttpResponseCodec.java:133)
at org.openqa.selenium.remote.codec.w3c.W3CHttpResponseCodec.decode(W3CHttpResponseCodec.java:53)
at org.openqa.selenium.remote.HttpCommandExecutor.execute(HttpCommandExecutor.java:184)
at org.openqa.selenium.remote.service.DriverCommandExecutor.invokeExecute(DriverCommandExecutor.java:167)
at org.openqa.selenium.remote.service.DriverCommandExecutor.execute(DriverCommandExecutor.java:142)
at org.openqa.selenium.remote.RemoteWebDriver.execute(RemoteWebDriver.java:588)
at org.openqa.selenium.remote.RemoteWebDriver.get(RemoteWebDriver.java:351)
at commonBaseData.Base.setup(Base.java:31)
at java.base/java.util.ArrayList.forEach(ArrayList.java:1541)
... Removed 34 stack frames]]>
    </failure>
  </testcase> <!-- @BeforeMethod setup -->
  <testcase classname="commonBaseData.Base" name="@AfterMethod close" time="-1.663683188021E9">
    <skipped/>
  </testcase> <!-- @AfterMethod close -->
  <testcase classname="commonBaseData.Base" name="@BeforeMethod setup" time="4.236">
    <failure type="org.openqa.selenium.WebDriverException" message="unknown error: net::ERR_INTERNET_DISCONNECTED
  (Session info: chrome=105.0.5195.127)
Build info: version: &amp;apos;4.2.2&amp;apos;, revision: &amp;apos;683ccb65d6&amp;apos;
System info: host: &amp;apos;DESKTOP-C8IENHF&amp;apos;, ip: &amp;apos;10.60.18.7&amp;apos;, os.name: &amp;apos;Windows 10&amp;apos;, os.arch: &amp;apos;amd64&amp;apos;, os.version: &amp;apos;10.0&amp;apos;, java.version: &amp;apos;11.0.14&amp;apos;
Driver info: org.openqa.selenium.chrome.ChromeDriver
Command: [1d5ad1647eaf1c54699a60271f423439, get {url=https://www.rugartisan.co.uk/}]
Capabilities {acceptInsecureCerts: false, browserName: chrome, browserVersion: 105.0.5195.127, chrome: {chromedriverVersion: 105.0.5195.52 (412c95e51883..., userDataDir: C:\Users\abc\AppData\Local\...}, goog:chromeOptions: {debuggerAddress: localhost:53271}, networkConnectionEnabled: false, pageLoadStrategy: normal, platformName: WINDOWS, proxy: Proxy(), se:cdp: ws://localhost:53271/devtoo..., se:cdpVersion: 105.0.5195.127, setWindowRect: true, strictFileInteractability: false, timeouts: {implicit: 0, pageLoad: 300000, script: 30000}, unhandledPromptBehavior: dismiss and notify, webauthn:extension:credBlob: true, webauthn:extension:largeBlob: true, webauthn:virtualAuthenticators: true}
Session ID: 1d5ad1647eaf1c54699a60271f423439">
      <![CDATA[org.openqa.selenium.WebDriverException: unknown error: net::ERR_INTERNET_DISCONNECTED
  (Session info: chrome=105.0.5195.127)
Build info: version: '4.2.2', revision: '683ccb65d6'
System info: host: 'DESKTOP-C8IENHF', ip: '10.60.18.7', os.name: 'Windows 10', os.arch: 'amd64', os.version: '10.0', java.version: '11.0.14'
Driver info: org.openqa.selenium.chrome.ChromeDriver
Command: [1d5ad1647eaf1c54699a60271f423439, get {url=https://www.rugartisan.co.uk/}]
Capabilities {acceptInsecureCerts: false, browserName: chrome, browserVersion: 105.0.5195.127, chrome: {chromedriverVersion: 105.0.5195.52 (412c95e51883..., userDataDir: C:\Users\abc\AppData\Local\...}, goog:chromeOptions: {debuggerAddress: localhost:53271}, networkConnectionEnabled: false, pageLoadStrategy: normal, platformName: WINDOWS, proxy: Proxy(), se:cdp: ws://localhost:53271/devtoo..., se:cdpVersion: 105.0.5195.127, setWindowRect: true, strictFileInteractability: false, timeouts: {implicit: 0, pageLoad: 300000, script: 30000}, unhandledPromptBehavior: dismiss and notify, webauthn:extension:credBlob: true, webauthn:extension:largeBlob: true, webauthn:virtualAuthenticators: true}
Session ID: 1d5ad1647eaf1c54699a60271f423439
at org.openqa.selenium.remote.codec.w3c.W3CHttpResponseCodec.createException(W3CHttpResponseCodec.java:200)
at org.openqa.selenium.remote.codec.w3c.W3CHttpResponseCodec.decode(W3CHttpResponseCodec.java:133)
at org.openqa.selenium.remote.codec.w3c.W3CHttpResponseCodec.decode(W3CHttpResponseCodec.java:53)
at org.openqa.selenium.remote.HttpCommandExecutor.execute(HttpCommandExecutor.java:184)
at org.openqa.selenium.remote.service.DriverCommandExecutor.invokeExecute(DriverCommandExecutor.java:167)
at org.openqa.selenium.remote.service.DriverCommandExecutor.execute(DriverCommandExecutor.java:142)
at org.openqa.selenium.remote.RemoteWebDriver.execute(RemoteWebDriver.java:588)
at org.openqa.selenium.remote.RemoteWebDriver.get(RemoteWebDriver.java:351)
at commonBaseData.Base.setup(Base.java:31)
at java.base/java.util.ArrayList.forEach(ArrayList.java:1541)
... Removed 34 stack frames]]>
    </failure>
  </testcase> <!-- @BeforeMethod setup -->
  <testcase classname="commonBaseData.Base" name="@AfterMethod close" time="-1.663683192262E9">
    <skipped/>
  </testcase> <!-- @AfterMethod close -->
  <testcase classname="commonBaseData.Base" name="@BeforeMethod setup" time="5.661">
    <failure type="org.openqa.selenium.WebDriverException" message="unknown error: net::ERR_INTERNET_DISCONNECTED
  (Session info: chrome=105.0.5195.127)
Build info: version: &amp;apos;4.2.2&amp;apos;, revision: &amp;apos;683ccb65d6&amp;apos;
System info: host: &amp;apos;DESKTOP-C8IENHF&amp;apos;, ip: &amp;apos;10.60.18.7&amp;apos;, os.name: &amp;apos;Windows 10&amp;apos;, os.arch: &amp;apos;amd64&amp;apos;, os.version: &amp;apos;10.0&amp;apos;, java.version: &amp;apos;11.0.14&amp;apos;
Driver info: org.openqa.selenium.chrome.ChromeDriver
Command: [01c9a4cfc0b2ad5f283a67c1f5e332a9, get {url=https://www.rugartisan.co.uk/}]
Capabilities {acceptInsecureCerts: false, browserName: chrome, browserVersion: 105.0.5195.127, chrome: {chromedriverVersion: 105.0.5195.52 (412c95e51883..., userDataDir: C:\Users\abc\AppData\Local\...}, goog:chromeOptions: {debuggerAddress: localhost:53286}, networkConnectionEnabled: false, pageLoadStrategy: normal, platformName: WINDOWS, proxy: Proxy(), se:cdp: ws://localhost:53286/devtoo..., se:cdpVersion: 105.0.5195.127, setWindowRect: true, strictFileInteractability: false, timeouts: {implicit: 0, pageLoad: 300000, script: 30000}, unhandledPromptBehavior: dismiss and notify, webauthn:extension:credBlob: true, webauthn:extension:largeBlob: true, webauthn:virtualAuthenticators: true}
Session ID: 01c9a4cfc0b2ad5f283a67c1f5e332a9">
      <![CDATA[org.openqa.selenium.WebDriverException: unknown error: net::ERR_INTERNET_DISCONNECTED
  (Session info: chrome=105.0.5195.127)
Build info: version: '4.2.2', revision: '683ccb65d6'
System info: host: 'DESKTOP-C8IENHF', ip: '10.60.18.7', os.name: 'Windows 10', os.arch: 'amd64', os.version: '10.0', java.version: '11.0.14'
Driver info: org.openqa.selenium.chrome.ChromeDriver
Command: [01c9a4cfc0b2ad5f283a67c1f5e332a9, get {url=https://www.rugartisan.co.uk/}]
Capabilities {acceptInsecureCerts: false, browserName: chrome, browserVersion: 105.0.5195.127, chrome: {chromedriverVersion: 105.0.5195.52 (412c95e51883..., userDataDir: C:\Users\abc\AppData\Local\...}, goog:chromeOptions: {debuggerAddress: localhost:53286}, networkConnectionEnabled: false, pageLoadStrategy: normal, platformName: WINDOWS, proxy: Proxy(), se:cdp: ws://localhost:53286/devtoo..., se:cdpVersion: 105.0.5195.127, setWindowRect: true, strictFileInteractability: false, timeouts: {implicit: 0, pageLoad: 300000, script: 30000}, unhandledPromptBehavior: dismiss and notify, webauthn:extension:credBlob: true, webauthn:extension:largeBlob: true, webauthn:virtualAuthenticators: true}
Session ID: 01c9a4cfc0b2ad5f283a67c1f5e332a9
at org.openqa.selenium.remote.codec.w3c.W3CHttpResponseCodec.createException(W3CHttpResponseCodec.java:200)
at org.openqa.selenium.remote.codec.w3c.W3CHttpResponseCodec.decode(W3CHttpResponseCodec.java:133)
at org.openqa.selenium.remote.codec.w3c.W3CHttpResponseCodec.decode(W3CHttpResponseCodec.java:53)
at org.openqa.selenium.remote.HttpCommandExecutor.execute(HttpCommandExecutor.java:184)
at org.openqa.selenium.remote.service.DriverCommandExecutor.invokeExecute(DriverCommandExecutor.java:167)
at org.openqa.selenium.remote.service.DriverCommandExecutor.execute(DriverCommandExecutor.java:142)
at org.openqa.selenium.remote.RemoteWebDriver.execute(RemoteWebDriver.java:588)
at org.openqa.selenium.remote.RemoteWebDriver.get(RemoteWebDriver.java:351)
at commonBaseData.Base.setup(Base.java:31)
at java.base/java.util.ArrayList.forEach(ArrayList.java:1541)
... Removed 34 stack frames]]>
    </failure>
  </testcase> <!-- @BeforeMethod setup -->
  <testcase classname="commonBaseData.Base" name="@AfterMethod close" time="-1.663683197929E9">
    <skipped/>
  </testcase> <!-- @AfterMethod close -->
  <testcase classname="commonBaseData.Base" name="@BeforeMethod setup" time="4.661">
    <failure type="org.openqa.selenium.WebDriverException" message="unknown error: net::ERR_INTERNET_DISCONNECTED
  (Session info: chrome=105.0.5195.127)
Build info: version: &amp;apos;4.2.2&amp;apos;, revision: &amp;apos;683ccb65d6&amp;apos;
System info: host: &amp;apos;DESKTOP-C8IENHF&amp;apos;, ip: &amp;apos;10.60.18.7&amp;apos;, os.name: &amp;apos;Windows 10&amp;apos;, os.arch: &amp;apos;amd64&amp;apos;, os.version: &amp;apos;10.0&amp;apos;, java.version: &amp;apos;11.0.14&amp;apos;
Driver info: org.openqa.selenium.chrome.ChromeDriver
Command: [fe1ae6d6d3276d894966ca11fffc7fca, get {url=https://www.rugartisan.co.uk/}]
Capabilities {acceptInsecureCerts: false, browserName: chrome, browserVersion: 105.0.5195.127, chrome: {chromedriverVersion: 105.0.5195.52 (412c95e51883..., userDataDir: C:\Users\abc\AppData\Local\...}, goog:chromeOptions: {debuggerAddress: localhost:53300}, networkConnectionEnabled: false, pageLoadStrategy: normal, platformName: WINDOWS, proxy: Proxy(), se:cdp: ws://localhost:53300/devtoo..., se:cdpVersion: 105.0.5195.127, setWindowRect: true, strictFileInteractability: false, timeouts: {implicit: 0, pageLoad: 300000, script: 30000}, unhandledPromptBehavior: dismiss and notify, webauthn:extension:credBlob: true, webauthn:extension:largeBlob: true, webauthn:virtualAuthenticators: true}
Session ID: fe1ae6d6d3276d894966ca11fffc7fca">
      <![CDATA[org.openqa.selenium.WebDriverException: unknown error: net::ERR_INTERNET_DISCONNECTED
  (Session info: chrome=105.0.5195.127)
Build info: version: '4.2.2', revision: '683ccb65d6'
System info: host: 'DESKTOP-C8IENHF', ip: '10.60.18.7', os.name: 'Windows 10', os.arch: 'amd64', os.version: '10.0', java.version: '11.0.14'
Driver info: org.openqa.selenium.chrome.ChromeDriver
Command: [fe1ae6d6d3276d894966ca11fffc7fca, get {url=https://www.rugartisan.co.uk/}]
Capabilities {acceptInsecureCerts: false, browserName: chrome, browserVersion: 105.0.5195.127, chrome: {chromedriverVersion: 105.0.5195.52 (412c95e51883..., userDataDir: C:\Users\abc\AppData\Local\...}, goog:chromeOptions: {debuggerAddress: localhost:53300}, networkConnectionEnabled: false, pageLoadStrategy: normal, platformName: WINDOWS, proxy: Proxy(), se:cdp: ws://localhost:53300/devtoo..., se:cdpVersion: 105.0.5195.127, setWindowRect: true, strictFileInteractability: false, timeouts: {implicit: 0, pageLoad: 300000, script: 30000}, unhandledPromptBehavior: dismiss and notify, webauthn:extension:credBlob: true, webauthn:extension:largeBlob: true, webauthn:virtualAuthenticators: true}
Session ID: fe1ae6d6d3276d894966ca11fffc7fca
at org.openqa.selenium.remote.codec.w3c.W3CHttpResponseCodec.createException(W3CHttpResponseCodec.java:200)
at org.openqa.selenium.remote.codec.w3c.W3CHttpResponseCodec.decode(W3CHttpResponseCodec.java:133)
at org.openqa.selenium.remote.codec.w3c.W3CHttpResponseCodec.decode(W3CHttpResponseCodec.java:53)
at org.openqa.selenium.remote.HttpCommandExecutor.execute(HttpCommandExecutor.java:184)
at org.openqa.selenium.remote.service.DriverCommandExecutor.invokeExecute(DriverCommandExecutor.java:167)
at org.openqa.selenium.remote.service.DriverCommandExecutor.execute(DriverCommandExecutor.java:142)
at org.openqa.selenium.remote.RemoteWebDriver.execute(RemoteWebDriver.java:588)
at org.openqa.selenium.remote.RemoteWebDriver.get(RemoteWebDriver.java:351)
at commonBaseData.Base.setup(Base.java:31)
at java.base/java.util.ArrayList.forEach(ArrayList.java:1541)
... Removed 34 stack frames]]>
    </failure>
  </testcase> <!-- @BeforeMethod setup -->
  <testcase classname="commonBaseData.Base" name="@AfterMethod close" time="-1.663683202595E9">
    <skipped/>
  </testcase> <!-- @AfterMethod close -->
  <testcase classname="commonBaseData.Base" name="@BeforeMethod setup" time="4.205">
    <failure type="org.openqa.selenium.WebDriverException" message="unknown error: net::ERR_INTERNET_DISCONNECTED
  (Session info: chrome=105.0.5195.127)
Build info: version: &amp;apos;4.2.2&amp;apos;, revision: &amp;apos;683ccb65d6&amp;apos;
System info: host: &amp;apos;DESKTOP-C8IENHF&amp;apos;, ip: &amp;apos;10.60.18.7&amp;apos;, os.name: &amp;apos;Windows 10&amp;apos;, os.arch: &amp;apos;amd64&amp;apos;, os.version: &amp;apos;10.0&amp;apos;, java.version: &amp;apos;11.0.14&amp;apos;
Driver info: org.openqa.selenium.chrome.ChromeDriver
Command: [819558c0dfd91f057fb4361e007993b0, get {url=https://www.rugartisan.co.uk/}]
Capabilities {acceptInsecureCerts: false, browserName: chrome, browserVersion: 105.0.5195.127, chrome: {chromedriverVersion: 105.0.5195.52 (412c95e51883..., userDataDir: C:\Users\abc\AppData\Local\...}, goog:chromeOptions: {debuggerAddress: localhost:53316}, networkConnectionEnabled: false, pageLoadStrategy: normal, platformName: WINDOWS, proxy: Proxy(), se:cdp: ws://localhost:53316/devtoo..., se:cdpVersion: 105.0.5195.127, setWindowRect: true, strictFileInteractability: false, timeouts: {implicit: 0, pageLoad: 300000, script: 30000}, unhandledPromptBehavior: dismiss and notify, webauthn:extension:credBlob: true, webauthn:extension:largeBlob: true, webauthn:virtualAuthenticators: true}
Session ID: 819558c0dfd91f057fb4361e007993b0">
      <![CDATA[org.openqa.selenium.WebDriverException: unknown error: net::ERR_INTERNET_DISCONNECTED
  (Session info: chrome=105.0.5195.127)
Build info: version: '4.2.2', revision: '683ccb65d6'
System info: host: 'DESKTOP-C8IENHF', ip: '10.60.18.7', os.name: 'Windows 10', os.arch: 'amd64', os.version: '10.0', java.version: '11.0.14'
Driver info: org.openqa.selenium.chrome.ChromeDriver
Command: [819558c0dfd91f057fb4361e007993b0, get {url=https://www.rugartisan.co.uk/}]
Capabilities {acceptInsecureCerts: false, browserName: chrome, browserVersion: 105.0.5195.127, chrome: {chromedriverVersion: 105.0.5195.52 (412c95e51883..., userDataDir: C:\Users\abc\AppData\Local\...}, goog:chromeOptions: {debuggerAddress: localhost:53316}, networkConnectionEnabled: false, pageLoadStrategy: normal, platformName: WINDOWS, proxy: Proxy(), se:cdp: ws://localhost:53316/devtoo..., se:cdpVersion: 105.0.5195.127, setWindowRect: true, strictFileInteractability: false, timeouts: {implicit: 0, pageLoad: 300000, script: 30000}, unhandledPromptBehavior: dismiss and notify, webauthn:extension:credBlob: true, webauthn:extension:largeBlob: true, webauthn:virtualAuthenticators: true}
Session ID: 819558c0dfd91f057fb4361e007993b0
at org.openqa.selenium.remote.codec.w3c.W3CHttpResponseCodec.createException(W3CHttpResponseCodec.java:200)
at org.openqa.selenium.remote.codec.w3c.W3CHttpResponseCodec.decode(W3CHttpResponseCodec.java:133)
at org.openqa.selenium.remote.codec.w3c.W3CHttpResponseCodec.decode(W3CHttpResponseCodec.java:53)
at org.openqa.selenium.remote.HttpCommandExecutor.execute(HttpCommandExecutor.java:184)
at org.openqa.selenium.remote.service.DriverCommandExecutor.invokeExecute(DriverCommandExecutor.java:167)
at org.openqa.selenium.remote.service.DriverCommandExecutor.execute(DriverCommandExecutor.java:142)
at org.openqa.selenium.remote.RemoteWebDriver.execute(RemoteWebDriver.java:588)
at org.openqa.selenium.remote.RemoteWebDriver.get(RemoteWebDriver.java:351)
at commonBaseData.Base.setup(Base.java:31)
at java.base/java.util.ArrayList.forEach(ArrayList.java:1541)
... Removed 34 stack frames]]>
    </failure>
  </testcase> <!-- @BeforeMethod setup -->
  <testcase classname="commonBaseData.Base" name="@AfterMethod close" time="-1.663683206804E9">
    <skipped/>
  </testcase> <!-- @AfterMethod close -->
  <testcase classname="commonBaseData.Base" name="@BeforeMethod setup" time="12.235">
    <failure type="org.openqa.selenium.WebDriverException" message="unknown error: net::ERR_INTERNET_DISCONNECTED
  (Session info: chrome=105.0.5195.127)
Build info: version: &amp;apos;4.2.2&amp;apos;, revision: &amp;apos;683ccb65d6&amp;apos;
System info: host: &amp;apos;DESKTOP-C8IENHF&amp;apos;, ip: &amp;apos;10.60.18.7&amp;apos;, os.name: &amp;apos;Windows 10&amp;apos;, os.arch: &amp;apos;amd64&amp;apos;, os.version: &amp;apos;10.0&amp;apos;, java.version: &amp;apos;11.0.14&amp;apos;
Driver info: org.openqa.selenium.chrome.ChromeDriver
Command: [8d579011006ac7ab800b857481fa19c9, get {url=https://www.rugartisan.co.uk/}]
Capabilities {acceptInsecureCerts: false, browserName: chrome, browserVersion: 105.0.5195.127, chrome: {chromedriverVersion: 105.0.5195.52 (412c95e51883..., userDataDir: C:\Users\abc\AppData\Local\...}, goog:chromeOptions: {debuggerAddress: localhost:53338}, networkConnectionEnabled: false, pageLoadStrategy: normal, platformName: WINDOWS, proxy: Proxy(), se:cdp: ws://localhost:53338/devtoo..., se:cdpVersion: 105.0.5195.127, setWindowRect: true, strictFileInteractability: false, timeouts: {implicit: 0, pageLoad: 300000, script: 30000}, unhandledPromptBehavior: dismiss and notify, webauthn:extension:credBlob: true, webauthn:extension:largeBlob: true, webauthn:virtualAuthenticators: true}
Session ID: 8d579011006ac7ab800b857481fa19c9">
      <![CDATA[org.openqa.selenium.WebDriverException: unknown error: net::ERR_INTERNET_DISCONNECTED
  (Session info: chrome=105.0.5195.127)
Build info: version: '4.2.2', revision: '683ccb65d6'
System info: host: 'DESKTOP-C8IENHF', ip: '10.60.18.7', os.name: 'Windows 10', os.arch: 'amd64', os.version: '10.0', java.version: '11.0.14'
Driver info: org.openqa.selenium.chrome.ChromeDriver
Command: [8d579011006ac7ab800b857481fa19c9, get {url=https://www.rugartisan.co.uk/}]
Capabilities {acceptInsecureCerts: false, browserName: chrome, browserVersion: 105.0.5195.127, chrome: {chromedriverVersion: 105.0.5195.52 (412c95e51883..., userDataDir: C:\Users\abc\AppData\Local\...}, goog:chromeOptions: {debuggerAddress: localhost:53338}, networkConnectionEnabled: false, pageLoadStrategy: normal, platformName: WINDOWS, proxy: Proxy(), se:cdp: ws://localhost:53338/devtoo..., se:cdpVersion: 105.0.5195.127, setWindowRect: true, strictFileInteractability: false, timeouts: {implicit: 0, pageLoad: 300000, script: 30000}, unhandledPromptBehavior: dismiss and notify, webauthn:extension:credBlob: true, webauthn:extension:largeBlob: true, webauthn:virtualAuthenticators: true}
Session ID: 8d579011006ac7ab800b857481fa19c9
at org.openqa.selenium.remote.codec.w3c.W3CHttpResponseCodec.createException(W3CHttpResponseCodec.java:200)
at org.openqa.selenium.remote.codec.w3c.W3CHttpResponseCodec.decode(W3CHttpResponseCodec.java:133)
at org.openqa.selenium.remote.codec.w3c.W3CHttpResponseCodec.decode(W3CHttpResponseCodec.java:53)
at org.openqa.selenium.remote.HttpCommandExecutor.execute(HttpCommandExecutor.java:184)
at org.openqa.selenium.remote.service.DriverCommandExecutor.invokeExecute(DriverCommandExecutor.java:167)
at org.openqa.selenium.remote.service.DriverCommandExecutor.execute(DriverCommandExecutor.java:142)
at org.openqa.selenium.remote.RemoteWebDriver.execute(RemoteWebDriver.java:588)
at org.openqa.selenium.remote.RemoteWebDriver.get(RemoteWebDriver.java:351)
at commonBaseData.Base.setup(Base.java:31)
at java.base/java.util.ArrayList.forEach(ArrayList.java:1541)
... Removed 33 stack frames]]>
    </failure>
  </testcase> <!-- @BeforeMethod setup -->
  <testcase classname="commonBaseData.Base" name="@AfterMethod close" time="-1.663683219045E9">
    <skipped/>
  </testcase> <!-- @AfterMethod close -->
  <testcase classname="commonBaseData.Base" name="@BeforeMethod setup" time="21.303">
    <failure type="org.openqa.selenium.WebDriverException" message="unknown error: net::ERR_INTERNET_DISCONNECTED
  (Session info: chrome=105.0.5195.127)
Build info: version: &amp;apos;4.2.2&amp;apos;, revision: &amp;apos;683ccb65d6&amp;apos;
System info: host: &amp;apos;DESKTOP-C8IENHF&amp;apos;, ip: &amp;apos;10.60.18.7&amp;apos;, os.name: &amp;apos;Windows 10&amp;apos;, os.arch: &amp;apos;amd64&amp;apos;, os.version: &amp;apos;10.0&amp;apos;, java.version: &amp;apos;11.0.14&amp;apos;
Driver info: org.openqa.selenium.chrome.ChromeDriver
Command: [96772e9cc060a3f31b04578a397d09f9, get {url=https://www.rugartisan.co.uk/}]
Capabilities {acceptInsecureCerts: false, browserName: chrome, browserVersion: 105.0.5195.127, chrome: {chromedriverVersion: 105.0.5195.52 (412c95e51883..., userDataDir: C:\Users\abc\AppData\Local\...}, goog:chromeOptions: {debuggerAddress: localhost:53352}, networkConnectionEnabled: false, pageLoadStrategy: normal, platformName: WINDOWS, proxy: Proxy(), se:cdp: ws://localhost:53352/devtoo..., se:cdpVersion: 105.0.5195.127, setWindowRect: true, strictFileInteractability: false, timeouts: {implicit: 0, pageLoad: 300000, script: 30000}, unhandledPromptBehavior: dismiss and notify, webauthn:extension:credBlob: true, webauthn:extension:largeBlob: true, webauthn:virtualAuthenticators: true}
Session ID: 96772e9cc060a3f31b04578a397d09f9">
      <![CDATA[org.openqa.selenium.WebDriverException: unknown error: net::ERR_INTERNET_DISCONNECTED
  (Session info: chrome=105.0.5195.127)
Build info: version: '4.2.2', revision: '683ccb65d6'
System info: host: 'DESKTOP-C8IENHF', ip: '10.60.18.7', os.name: 'Windows 10', os.arch: 'amd64', os.version: '10.0', java.version: '11.0.14'
Driver info: org.openqa.selenium.chrome.ChromeDriver
Command: [96772e9cc060a3f31b04578a397d09f9, get {url=https://www.rugartisan.co.uk/}]
Capabilities {acceptInsecureCerts: false, browserName: chrome, browserVersion: 105.0.5195.127, chrome: {chromedriverVersion: 105.0.5195.52 (412c95e51883..., userDataDir: C:\Users\abc\AppData\Local\...}, goog:chromeOptions: {debuggerAddress: localhost:53352}, networkConnectionEnabled: false, pageLoadStrategy: normal, platformName: WINDOWS, proxy: Proxy(), se:cdp: ws://localhost:53352/devtoo..., se:cdpVersion: 105.0.5195.127, setWindowRect: true, strictFileInteractability: false, timeouts: {implicit: 0, pageLoad: 300000, script: 30000}, unhandledPromptBehavior: dismiss and notify, webauthn:extension:credBlob: true, webauthn:extension:largeBlob: true, webauthn:virtualAuthenticators: true}
Session ID: 96772e9cc060a3f31b04578a397d09f9
at org.openqa.selenium.remote.codec.w3c.W3CHttpResponseCodec.createException(W3CHttpResponseCodec.java:200)
at org.openqa.selenium.remote.codec.w3c.W3CHttpResponseCodec.decode(W3CHttpResponseCodec.java:133)
at org.openqa.selenium.remote.codec.w3c.W3CHttpResponseCodec.decode(W3CHttpResponseCodec.java:53)
at org.openqa.selenium.remote.HttpCommandExecutor.execute(HttpCommandExecutor.java:184)
at org.openqa.selenium.remote.service.DriverCommandExecutor.invokeExecute(DriverCommandExecutor.java:167)
at org.openqa.selenium.remote.service.DriverCommandExecutor.execute(DriverCommandExecutor.java:142)
at org.openqa.selenium.remote.RemoteWebDriver.execute(RemoteWebDriver.java:588)
at org.openqa.selenium.remote.RemoteWebDriver.get(RemoteWebDriver.java:351)
at commonBaseData.Base.setup(Base.java:31)
at java.base/java.util.ArrayList.forEach(ArrayList.java:1541)
... Removed 33 stack frames]]>
    </failure>
  </testcase> <!-- @BeforeMethod setup -->
  <testcase classname="commonBaseData.Base" name="@AfterMethod close" time="-1.663683240356E9">
    <skipped/>
  </testcase> <!-- @AfterMethod close -->
  <testcase classname="commonBaseData.Base" name="@BeforeMethod setup" time="6.021">
    <failure type="org.openqa.selenium.WebDriverException" message="unknown error: net::ERR_INTERNET_DISCONNECTED
  (Session info: chrome=105.0.5195.127)
Build info: version: &amp;apos;4.2.2&amp;apos;, revision: &amp;apos;683ccb65d6&amp;apos;
System info: host: &amp;apos;DESKTOP-C8IENHF&amp;apos;, ip: &amp;apos;10.60.18.7&amp;apos;, os.name: &amp;apos;Windows 10&amp;apos;, os.arch: &amp;apos;amd64&amp;apos;, os.version: &amp;apos;10.0&amp;apos;, java.version: &amp;apos;11.0.14&amp;apos;
Driver info: org.openqa.selenium.chrome.ChromeDriver
Command: [7e131922095a079a3cecbfe6f61bbf6c, get {url=https://www.rugartisan.co.uk/}]
Capabilities {acceptInsecureCerts: false, browserName: chrome, browserVersion: 105.0.5195.127, chrome: {chromedriverVersion: 105.0.5195.52 (412c95e51883..., userDataDir: C:\Users\abc\AppData\Local\...}, goog:chromeOptions: {debuggerAddress: localhost:53368}, networkConnectionEnabled: false, pageLoadStrategy: normal, platformName: WINDOWS, proxy: Proxy(), se:cdp: ws://localhost:53368/devtoo..., se:cdpVersion: 105.0.5195.127, setWindowRect: true, strictFileInteractability: false, timeouts: {implicit: 0, pageLoad: 300000, script: 30000}, unhandledPromptBehavior: dismiss and notify, webauthn:extension:credBlob: true, webauthn:extension:largeBlob: true, webauthn:virtualAuthenticators: true}
Session ID: 7e131922095a079a3cecbfe6f61bbf6c">
      <![CDATA[org.openqa.selenium.WebDriverException: unknown error: net::ERR_INTERNET_DISCONNECTED
  (Session info: chrome=105.0.5195.127)
Build info: version: '4.2.2', revision: '683ccb65d6'
System info: host: 'DESKTOP-C8IENHF', ip: '10.60.18.7', os.name: 'Windows 10', os.arch: 'amd64', os.version: '10.0', java.version: '11.0.14'
Driver info: org.openqa.selenium.chrome.ChromeDriver
Command: [7e131922095a079a3cecbfe6f61bbf6c, get {url=https://www.rugartisan.co.uk/}]
Capabilities {acceptInsecureCerts: false, browserName: chrome, browserVersion: 105.0.5195.127, chrome: {chromedriverVersion: 105.0.5195.52 (412c95e51883..., userDataDir: C:\Users\abc\AppData\Local\...}, goog:chromeOptions: {debuggerAddress: localhost:53368}, networkConnectionEnabled: false, pageLoadStrategy: normal, platformName: WINDOWS, proxy: Proxy(), se:cdp: ws://localhost:53368/devtoo..., se:cdpVersion: 105.0.5195.127, setWindowRect: true, strictFileInteractability: false, timeouts: {implicit: 0, pageLoad: 300000, script: 30000}, unhandledPromptBehavior: dismiss and notify, webauthn:extension:credBlob: true, webauthn:extension:largeBlob: true, webauthn:virtualAuthenticators: true}
Session ID: 7e131922095a079a3cecbfe6f61bbf6c
at org.openqa.selenium.remote.codec.w3c.W3CHttpResponseCodec.createException(W3CHttpResponseCodec.java:200)
at org.openqa.selenium.remote.codec.w3c.W3CHttpResponseCodec.decode(W3CHttpResponseCodec.java:133)
at org.openqa.selenium.remote.codec.w3c.W3CHttpResponseCodec.decode(W3CHttpResponseCodec.java:53)
at org.openqa.selenium.remote.HttpCommandExecutor.execute(HttpCommandExecutor.java:184)
at org.openqa.selenium.remote.service.DriverCommandExecutor.invokeExecute(DriverCommandExecutor.java:167)
at org.openqa.selenium.remote.service.DriverCommandExecutor.execute(DriverCommandExecutor.java:142)
at org.openqa.selenium.remote.RemoteWebDriver.execute(RemoteWebDriver.java:588)
at org.openqa.selenium.remote.RemoteWebDriver.get(RemoteWebDriver.java:351)
at commonBaseData.Base.setup(Base.java:31)
at java.base/java.util.ArrayList.forEach(ArrayList.java:1541)
... Removed 33 stack frames]]>
    </failure>
  </testcase> <!-- @BeforeMethod setup -->
  <testcase classname="commonBaseData.Base" name="@AfterMethod close" time="-1.663683246382E9">
    <skipped/>
  </testcase> <!-- @AfterMethod close -->
  <testcase classname="commonBaseData.Base" name="@BeforeMethod setup" time="3.859">
    <failure type="org.openqa.selenium.WebDriverException" message="unknown error: net::ERR_INTERNET_DISCONNECTED
  (Session info: chrome=105.0.5195.127)
Build info: version: &amp;apos;4.2.2&amp;apos;, revision: &amp;apos;683ccb65d6&amp;apos;
System info: host: &amp;apos;DESKTOP-C8IENHF&amp;apos;, ip: &amp;apos;10.60.18.7&amp;apos;, os.name: &amp;apos;Windows 10&amp;apos;, os.arch: &amp;apos;amd64&amp;apos;, os.version: &amp;apos;10.0&amp;apos;, java.version: &amp;apos;11.0.14&amp;apos;
Driver info: org.openqa.selenium.chrome.ChromeDriver
Command: [0d39a2e06a998bd0bbf74e0348a4bed0, get {url=https://www.rugartisan.co.uk/}]
Capabilities {acceptInsecureCerts: false, browserName: chrome, browserVersion: 105.0.5195.127, chrome: {chromedriverVersion: 105.0.5195.52 (412c95e51883..., userDataDir: C:\Users\abc\AppData\Local\...}, goog:chromeOptions: {debuggerAddress: localhost:53380}, networkConnectionEnabled: false, pageLoadStrategy: normal, platformName: WINDOWS, proxy: Proxy(), se:cdp: ws://localhost:53380/devtoo..., se:cdpVersion: 105.0.5195.127, setWindowRect: true, strictFileInteractability: false, timeouts: {implicit: 0, pageLoad: 300000, script: 30000}, unhandledPromptBehavior: dismiss and notify, webauthn:extension:credBlob: true, webauthn:extension:largeBlob: true, webauthn:virtualAuthenticators: true}
Session ID: 0d39a2e06a998bd0bbf74e0348a4bed0">
      <![CDATA[org.openqa.selenium.WebDriverException: unknown error: net::ERR_INTERNET_DISCONNECTED
  (Session info: chrome=105.0.5195.127)
Build info: version: '4.2.2', revision: '683ccb65d6'
System info: host: 'DESKTOP-C8IENHF', ip: '10.60.18.7', os.name: 'Windows 10', os.arch: 'amd64', os.version: '10.0', java.version: '11.0.14'
Driver info: org.openqa.selenium.chrome.ChromeDriver
Command: [0d39a2e06a998bd0bbf74e0348a4bed0, get {url=https://www.rugartisan.co.uk/}]
Capabilities {acceptInsecureCerts: false, browserName: chrome, browserVersion: 105.0.5195.127, chrome: {chromedriverVersion: 105.0.5195.52 (412c95e51883..., userDataDir: C:\Users\abc\AppData\Local\...}, goog:chromeOptions: {debuggerAddress: localhost:53380}, networkConnectionEnabled: false, pageLoadStrategy: normal, platformName: WINDOWS, proxy: Proxy(), se:cdp: ws://localhost:53380/devtoo..., se:cdpVersion: 105.0.5195.127, setWindowRect: true, strictFileInteractability: false, timeouts: {implicit: 0, pageLoad: 300000, script: 30000}, unhandledPromptBehavior: dismiss and notify, webauthn:extension:credBlob: true, webauthn:extension:largeBlob: true, webauthn:virtualAuthenticators: true}
Session ID: 0d39a2e06a998bd0bbf74e0348a4bed0
at org.openqa.selenium.remote.codec.w3c.W3CHttpResponseCodec.createException(W3CHttpResponseCodec.java:200)
at org.openqa.selenium.remote.codec.w3c.W3CHttpResponseCodec.decode(W3CHttpResponseCodec.java:133)
at org.openqa.selenium.remote.codec.w3c.W3CHttpResponseCodec.decode(W3CHttpResponseCodec.java:53)
at org.openqa.selenium.remote.HttpCommandExecutor.execute(HttpCommandExecutor.java:184)
at org.openqa.selenium.remote.service.DriverCommandExecutor.invokeExecute(DriverCommandExecutor.java:167)
at org.openqa.selenium.remote.service.DriverCommandExecutor.execute(DriverCommandExecutor.java:142)
at org.openqa.selenium.remote.RemoteWebDriver.execute(RemoteWebDriver.java:588)
at org.openqa.selenium.remote.RemoteWebDriver.get(RemoteWebDriver.java:351)
at commonBaseData.Base.setup(Base.java:31)
at java.base/java.util.ArrayList.forEach(ArrayList.java:1541)
... Removed 33 stack frames]]>
    </failure>
  </testcase> <!-- @BeforeMethod setup -->
  <testcase classname="commonBaseData.Base" name="@AfterMethod close" time="-1.663683250254E9">
    <skipped/>
  </testcase> <!-- @AfterMethod close -->
  <testcase classname="commonBaseData.Base" name="@BeforeMethod setup" time="3.896">
    <failure type="org.openqa.selenium.WebDriverException" message="unknown error: net::ERR_INTERNET_DISCONNECTED
  (Session info: chrome=105.0.5195.127)
Build info: version: &amp;apos;4.2.2&amp;apos;, revision: &amp;apos;683ccb65d6&amp;apos;
System info: host: &amp;apos;DESKTOP-C8IENHF&amp;apos;, ip: &amp;apos;10.60.18.7&amp;apos;, os.name: &amp;apos;Windows 10&amp;apos;, os.arch: &amp;apos;amd64&amp;apos;, os.version: &amp;apos;10.0&amp;apos;, java.version: &amp;apos;11.0.14&amp;apos;
Driver info: org.openqa.selenium.chrome.ChromeDriver
Command: [7ba7f544a0931b93c7eb2ba9e86e3ad1, get {url=https://www.rugartisan.co.uk/}]
Capabilities {acceptInsecureCerts: false, browserName: chrome, browserVersion: 105.0.5195.127, chrome: {chromedriverVersion: 105.0.5195.52 (412c95e51883..., userDataDir: C:\Users\abc\AppData\Local\...}, goog:chromeOptions: {debuggerAddress: localhost:53394}, networkConnectionEnabled: false, pageLoadStrategy: normal, platformName: WINDOWS, proxy: Proxy(), se:cdp: ws://localhost:53394/devtoo..., se:cdpVersion: 105.0.5195.127, setWindowRect: true, strictFileInteractability: false, timeouts: {implicit: 0, pageLoad: 300000, script: 30000}, unhandledPromptBehavior: dismiss and notify, webauthn:extension:credBlob: true, webauthn:extension:largeBlob: true, webauthn:virtualAuthenticators: true}
Session ID: 7ba7f544a0931b93c7eb2ba9e86e3ad1">
      <![CDATA[org.openqa.selenium.WebDriverException: unknown error: net::ERR_INTERNET_DISCONNECTED
  (Session info: chrome=105.0.5195.127)
Build info: version: '4.2.2', revision: '683ccb65d6'
System info: host: 'DESKTOP-C8IENHF', ip: '10.60.18.7', os.name: 'Windows 10', os.arch: 'amd64', os.version: '10.0', java.version: '11.0.14'
Driver info: org.openqa.selenium.chrome.ChromeDriver
Command: [7ba7f544a0931b93c7eb2ba9e86e3ad1, get {url=https://www.rugartisan.co.uk/}]
Capabilities {acceptInsecureCerts: false, browserName: chrome, browserVersion: 105.0.5195.127, chrome: {chromedriverVersion: 105.0.5195.52 (412c95e51883..., userDataDir: C:\Users\abc\AppData\Local\...}, goog:chromeOptions: {debuggerAddress: localhost:53394}, networkConnectionEnabled: false, pageLoadStrategy: normal, platformName: WINDOWS, proxy: Proxy(), se:cdp: ws://localhost:53394/devtoo..., se:cdpVersion: 105.0.5195.127, setWindowRect: true, strictFileInteractability: false, timeouts: {implicit: 0, pageLoad: 300000, script: 30000}, unhandledPromptBehavior: dismiss and notify, webauthn:extension:credBlob: true, webauthn:extension:largeBlob: true, webauthn:virtualAuthenticators: true}
Session ID: 7ba7f544a0931b93c7eb2ba9e86e3ad1
at org.openqa.selenium.remote.codec.w3c.W3CHttpResponseCodec.createException(W3CHttpResponseCodec.java:200)
at org.openqa.selenium.remote.codec.w3c.W3CHttpResponseCodec.decode(W3CHttpResponseCodec.java:133)
at org.openqa.selenium.remote.codec.w3c.W3CHttpResponseCodec.decode(W3CHttpResponseCodec.java:53)
at org.openqa.selenium.remote.HttpCommandExecutor.execute(HttpCommandExecutor.java:184)
at org.openqa.selenium.remote.service.DriverCommandExecutor.invokeExecute(DriverCommandExecutor.java:167)
at org.openqa.selenium.remote.service.DriverCommandExecutor.execute(DriverCommandExecutor.java:142)
at org.openqa.selenium.remote.RemoteWebDriver.execute(RemoteWebDriver.java:588)
at org.openqa.selenium.remote.RemoteWebDriver.get(RemoteWebDriver.java:351)
at commonBaseData.Base.setup(Base.java:31)
at java.base/java.util.ArrayList.forEach(ArrayList.java:1541)
... Removed 33 stack frames]]>
    </failure>
  </testcase> <!-- @BeforeMethod setup -->
  <testcase classname="commonBaseData.Base" name="@AfterMethod close" time="-1.663683254155E9">
    <skipped/>
  </testcase> <!-- @AfterMethod close -->
  <testcase classname="commonBaseData.Base" name="@BeforeMethod setup" time="6.849">
    <failure type="org.openqa.selenium.WebDriverException" message="unknown error: net::ERR_INTERNET_DISCONNECTED
  (Session info: chrome=105.0.5195.127)
Build info: version: &amp;apos;4.2.2&amp;apos;, revision: &amp;apos;683ccb65d6&amp;apos;
[...]
Element: [[ChromeDriver: chrome on WINDOWS (90fd3cdfe82e5ade5ea4e27843590693)] -&amp;gt; xpath: //span[normalize-space()=&amp;apos;Motifs&amp;apos;]]
Session ID: 90fd3cdfe82e5ade5ea4e27843590693">
      <![CDATA[org.openqa.selenium.ElementNotInteractableException: element not interactable
  (Session info: chrome=105.0.5195.127)
Build info: version: '4.2.2', revision: '683ccb65d6'
System info: host: 'DESKTOP-C8IENHF', ip: '10.60.18.7', os.name: 'Windows 10', os.arch: 'amd64', os.version: '10.0', java.version: '11.0.14'
Driver info: org.openqa.selenium.chrome.ChromeDriver
Command: [90fd3cdfe82e5ade5ea4e27843590693, clickElement {id=d1599313-a8bb-4cfb-bd32-f547393299b0}]
Capabilities {acceptInsecureCerts: false, browserName: chrome, browserVersion: 105.0.5195.127, chrome: {chromedriverVersion: 105.0.5195.52 (412c95e51883..., userDataDir: C:\Users\abc\AppData\Local\...}, goog:chromeOptions: {debuggerAddress: localhost:54186}, networkConnectionEnabled: false, pageLoadStrategy: normal, platformName: WINDOWS, proxy: Proxy(), se:cdp: ws://localhost:54186/devtoo..., se:cdpVersion: 105.0.5195.127, setWindowRect: true, strictFileInteractability: false, timeouts: {implicit: 0, pageLoad: 300000, script: 30000}, unhandledPromptBehavior: dismiss and notify, webauthn:extension:credBlob: true, webauthn:extension:largeBlob: true, webauthn:virtualAuthenticators: true}
Element: [[ChromeDriver: chrome on WINDOWS (90fd3cdfe82e5ade5ea4e27843590693)] -> xpath: //span[normalize-space()='Motifs']]
Session ID: 90fd3cdfe82e5ade5ea4e27843590693
at org.openqa.selenium.remote.codec.w3c.W3CHttpResponseCodec.createException(W3CHttpResponseCodec.java:200)
at org.openqa.selenium.remote.codec.w3c.W3CHttpResponseCodec.decode(W3CHttpResponseCodec.java:133)
at org.openqa.selenium.remote.codec.w3c.W3CHttpResponseCodec.decode(W3CHttpResponseCodec.java:53)
at org.openqa.selenium.remote.HttpCommandExecutor.execute(HttpCommandExecutor.java:184)
at org.openqa.selenium.remote.service.DriverCommandExecutor.invokeExecute(DriverCommandExecutor.java:167)
at org.openqa.selenium.remote.service.DriverCommandExecutor.execute(DriverCommandExecutor.java:142)
at org.openqa.selenium.remote.RemoteWebDriver.execute(RemoteWebDriver.java:588)
at org.openqa.selenium.remote.RemoteWebElement.execute(RemoteWebElement.java:257)
at org.openqa.selenium.remote.RemoteWebElement.click(RemoteWebElement.java:78)
at homeSectionTestCases.Checking_all_handmade_custom_rug.Checking_all_handmade_custom_rug_Test(Checking_all_handmade_custom_rug.java:84)
at java.base/java.util.ArrayList.forEach(ArrayList.java:1541)
... Removed 31 stack frames]]>
    </failure>
  </testcase> <!-- Checking_all_handmade_custom_rug_Test -->
  <testcase classname="headerSectionTestCases.Check_View_All_Design_Link_Of_Rug_Style_and_Click_All_Shapes_of_View_All_Design_Link_Rugs" name="Check_View_All_Design_Link_Of_Rug_Style_and_Click_All_Shapes_of_View_All_Design_Link_Rugs_Test" time="0.0">
    <skipped/>
  </testcase> <!-- Check_View_All_Design_Link_Of_Rug_Style_and_Click_All_Shapes_of_View_All_Design_Link_Rugs_Test -->
  <testcase classname="wishListSectionTestCases.Checking_My_orders" name="Checking_My_Order_Link_Test_Verify_All_Link_Checking_My_orders_Test" time="0.0">
    <skipped/>
  </testcase> <!-- Checking_My_Order_Link_Test_Verify_All_Link_Checking_My_orders_Test -->
  <testcase classname="headerSectionTestCases.Check_Abstract_Link_Of_Rug_Style_and_Click_All_Shapes_of_Abstract_Rugs" name="Check_Abstract_Link_Of_Rug_Style_and_Click_All_Shapes_of_Abstract_Rugs_Test" time="0.0">
    <skipped/>
  </testcase> <!-- Check_Abstract_Link_Of_Rug_Style_and_Click_All_Shapes_of_Abstract_Rugs_Test -->
  <testcase classname="collectionSectionTestCases.Click_on_Vintage_collection_and_check_of_all_shapes_of_Vintage_collection" name="Click_on_Vintage_link_and_check_of_all_shapes_of_Vintage_collection" time="0.0">
    <skipped/>
  </testcase> <!-- Click_on_Vintage_link_and_check_of_all_shapes_of_Vintage_collection -->
  <testcase classname="headerSectionTestCases.Check_Linear_Link_Of_Rug_Style_and_Click_All_Shapes_of_Linear_Rugs" name="Check_Linear_Link_Of_Rug_Style_and_Click_All_Shapes_of_Linear_Rugs_Test" time="0.0">
    <skipped/>
  </testcase> <!-- Check_Linear_Link_Of_Rug_Style_and_Click_All_Shapes_of_Linear_Rugs_Test -->
  <testcase classname="collectionSectionTestCases.Click_on_Kids_collection_and_check_of_all_shapes_of_Kids_collection" name="Click_on_Kids_link_and_check_of_all_shapes_of_Kids_collection" time="0.0">
    <skipped/>
  </testcase> <!-- Click_on_Kids_link_and_check_of_all_shapes_of_Kids_collection -->
  <testcase classname="contactFormSectionTestCases.Contact_Form_Validation" name="Test_and_verify_to_pass_all_Valid_and_invalid_data_in_contact_form_textbox_test" time="0.0">
    <skipped/>
  </testcase> <!-- Test_and_verify_to_pass_all_Valid_and_invalid_data_in_contact_form_textbox_test -->
  <testcase classname="headerSectionTestCases.Check_Plain_Link_Of_Rug_Style_and_Click_All_Shapes_of_Plain_Rugs" name="Check_Plain_Link_Of_Rug_Style_and_Click_All_Shapes_of_Plain_Rugs_Test" time="0.0">
    <skipped/>
  </testcase> <!-- Check_Plain_Link_Of_Rug_Style_and_Click_All_Shapes_of_Plain_Rugs_Test -->
  <testcase classname="collectionSectionTestCases.Click_on_Batik_play_collection_and_check_of_all_shapes_of_Batik_collection" name="Click_on_Batik_play_link_and_check_of_all_shapes_of_Batik_collection" time="0.0">
    <skipped/>
  </testcase> <!-- Click_on_Batik_play_link_and_check_of_all_shapes_of_Batik_collection -->
  <testcase classname="checkOutPageSectionTestCases.Checkout_page_State" name="Check_And_Verify_To_Pass_Data_In_State_Textbox_Checkout_page_State_Test" time="0.0">
    <skipped/>
  </testcase> <!-- Check_And_Verify_To_Pass_Data_In_State_Textbox_Checkout_page_State_Test -->
  <testcase classname="shoppingCardSectionTestCases.Shopping_cart_order_summary_testing" name="Check_And_Validate_Shopping_Cart_Summary_Testing_Details_Shopping_cart_order_summary_testing_Test" time="0.0">
    <skipped/>
  </testcase> <!-- Check_And_Validate_Shopping_Cart_Summary_Testing_Details_Shopping_cart_order_summary_testing_Test -->
  <testcase classname="collectionSectionTestCases.Click_on_Cerulean_collection_and_check_of_all_shapes_of_Cerulean_collection" name="Click_on_Cerulean_link_and_check_of_all_shapes_of_Cerulean_collection" time="0.0">
    <skipped/>
  </testcase> <!-- Click_on_Cerulean_link_and_check_of_all_shapes_of_Cerulean_collection -->
  <testcase classname="collectionSectionTestCases.Click_on_Flatweaves_collection_and_check_of_all_shapes_of_Flatweaves_collection" name="Click_on_Flatweaves_link_and_check_of_all_shapes_of_Flatweaves_collection" time="0.0">
    <skipped/>
  </testcase> <!-- Click_on_Flatweaves_link_and_check_of_all_shapes_of_Flatweaves_collection -->
  <testcase classname="collectionSectionTestCases.Click_on_Geometric_collection_and_check_of_all_shapes_of_Geometric_collection" name="Click_on_Geometric_link_and_check_of_all_shapes_of_Geometric_collection" time="0.0">
    <skipped/>
  </testcase> <!-- Click_on_Geometric_link_and_check_of_all_shapes_of_Geometric_collection -->
  <testcase classname="myAccountInformationSectionTestCases.Reset_Password_Form_Validation" name="Test_And_Verify_Reset_Password_Form_textbox_And_Validate_its" time="0.0">
    <skipped/>
  </testcase> <!-- Test_And_Verify_Reset_Password_Form_textbox_And_Validate_its -->
  <testcase classname="headerSectionTestCases.Check_Bright_pattern_link_and_click_all_shapes_of_Bright_pattern_rug_showing" name="Check_Bright_pattern_link_and_click_all_shapes_of_Bright_pattern_rug_showing_Test" time="0.0">
    <skipped/>
  </testcase> <!-- Check_Bright_pattern_link_and_click_all_shapes_of_Bright_pattern_rug_showing_Test -->
  <testcase classname="myAccountInformationSectionTestCases.Set_New_Password_Form_Validation" name="Test_And_Verify_To_Pass_Valid_And_InValid_value_in_Set_New_Password_Form_Validation" time="0.0">
    <skipped/>
  </testcase> <!-- Test_And_Verify_To_Pass_Valid_And_InValid_value_in_Set_New_Password_Form_Validation -->
  <testcase classname="footerSectionTestCases.Check_all_about_links" name="click_on_all_about_links" time="0.0">
    <skipped/>
  </testcase> <!-- click_on_all_about_links -->
  <testcase classname="headerSectionTestCases.Click_on_Join_link_and_pass_valid_invalid_data_and_verify_its" name="Click_on_Join_link_and_pass_valid_invalid_data_and_verify_its_Test" time="0.0">
    <skipped/>
  </testcase> <!-- Click_on_Join_link_and_pass_valid_invalid_data_and_verify_its_Test -->
  <testcase classname="PDPSectionTestCases.Testing_the_values_of_pile_height_density_are_loading_correctly" name="Testing_the_values_of_pile_height_density_are_loading_correctly_Test" time="0.0">
    <skipped/>
  </testcase> <!-- Testing_the_values_of_pile_height_density_are_loading_correctly_Test -->
  <testcase classname="headerSectionTestCases.Check_Hexagone_shape_of_all_rugs" name="Check_Hexagone_shape_of_all_rugs_Test" time="0.0">
    <skipped/>
  </testcase> <!-- Check_Hexagone_shape_of_all_rugs_Test -->
  <testcase classname="formValidationSectionTestCases.Trade_Form_Validation" name="Test_And_Verify_To_Pass_All_Details_in_Trade_form_Validation" time="0.0">
    <skipped/>
  </testcase> <!-- Test_And_Verify_To_Pass_All_Details_in_Trade_form_Validation -->
  <testcase classname="checkOutPageSectionTestCases.Checkout_page_Blank_fields" name="Test_And_Verify_All_Checkout_Page_Blank_field_pass_value_and_clear_Test" time="0.0">
    <skipped/>
  </testcase> <!-- Test_And_Verify_All_Checkout_Page_Blank_field_pass_value_and_clear_Test -->
  <testcase classname="checkOutPageSectionTestCases.Checkout_page_Last_Name" name="Check_Last__Name_Textbox_Field_Where_We_Pass_Valid_and_Invalid_Data_Checkout_page_Last_Name_Test" time="0.0">
    <skipped/>
  </testcase> <!-- Check_Last__Name_Textbox_Field_Where_We_Pass_Valid_and_Invalid_Data_Checkout_page_Last_Name_Test -->
  <testcase classname="homeSectionTestCases.Check_all_trending_style_rug" name="Check_all_trending_style_rug_Test" time="0.0">
    <skipped/>
  </testcase> <!-- Check_all_trending_style_rug_Test -->
  <testcase classname="PDPSectionTestCases.Testing_if_sizes_are_loading_correctly" name="Testing_if_sizes_are_loading_correctly_TestZ" time="0.0">
    <skipped/>
  </testcase> <!-- Testing_if_sizes_are_loading_correctly_TestZ -->
  <testcase classname="headerSectionTestCases.Check_whether_mouseover_and_properly_all_rug_pattern_showing" name="Check_whether_mouseover_and_properly_all_rug_pattern_showing_Test" time="0.0">
    <skipped/>
  </testcase> <!-- Check_whether_mouseover_and_properly_all_rug_pattern_showing_Test -->
  <testcase classname="footerSectionTestCases.Check_all_rug_mention_in_the_below_like_hand_tufted_hand_knotted_outdoor" name="Check_all_rug_mention_in_the_below_hand_tufted_hand_knotted_outdoor" time="0.0">
    <skipped/>
  </testcase> <!-- Check_all_rug_mention_in_the_below_hand_tufted_hand_knotted_outdoor -->
  <testcase classname="headerSectionTestCases.Check_Offbeat_Link_Of_Rug_Style_and_Click_All_Shapes_of_Offbeat_Rugs" name="Checfbeat_Link_Of_Rug_Style_and_Click_All_Shapes_of_Offbeat_Rugs_Test" time="0.0">
    <skipped/>
  </testcase> <!-- Checfbeat_Link_Of_Rug_Style_and_Click_All_Shapes_of_Offbeat_Rugs_Test -->
  <testcase classname="headerSectionTestCases.Check_whether_it_is_click_on_how_to_customise_link_and_it_is_working" name="Check_whether_it_is_click_on_how_to_customise_link_and_it_is_working_Test" time="0.0">
    <skipped/>
  </testcase> <!-- Check_whether_it_is_click_on_how_to_customise_link_and_it_is_working_Test -->
  <testcase classname="formValidationSectionTestCases.Contact_Form_Validation" name="Test_and_verify_to_pass_all_Valid_and_invalid_data_in_contact_form_textbox_test" time="0.0">
    <skipped/>
  </testcase> <!-- Test_and_verify_to_pass_all_Valid_and_invalid_data_in_contact_form_textbox_test -->
  <testcase classname="collectionSectionTestCases.Click_on_Modern_Art_collection_and_check_of_all_shapes_of_Modern_Art_collection" name="Click_on_Modern_Art_link_and_check_of_all_shapes_of_Modern_Art_collection" time="0.0">
    <skipped/>
  </testcase> <!-- Click_on_Modern_Art_link_and_check_of_all_shapes_of_Modern_Art_collection -->
  <testcase classname="footerSectionTestCases.Checking_all_activities_related_mention_below" name="check_footer_link" time="0.0">
    <skipped/>
  </testcase> <!-- check_footer_link -->
  <testcase classname="PDPSectionTestCases.Testing_the_quantity" name="Testing_the_quantity_Test" time="0.0">
    <skipped/>
  </testcase> <!-- Testing_the_quantity_Test -->
  <testcase classname="headerSectionTestCases.Check_Diamond_shape_of_all_rugs" name="Check_Diamond_shape_of_all_rugs_Test" time="0.0">
    <skipped/>
  </testcase> <!-- Check_Diamond_shape_of_all_rugs_Test -->
  <testcase classname="collectionSectionTestCases.Click_on_Brush_Stroke_collection_and_check_of_all_shapes_of_Brush_Stroke_collection" name="Click_on_Brush_Stroke_link_and_check_of_all_shapes_of_Brush_Stroke_collection" time="0.0">
    <skipped/>
  </testcase> <!-- Click_on_Brush_Stroke_link_and_check_of_all_shapes_of_Brush_Stroke_collection -->
  <testcase classname="PDPSectionTestCases.Testing_the_price_is_loading_correctly" name="Testing_the_price_is_loading_correctly_Test" time="0.0">
    <skipped/>
  </testcase> <!-- Testing_the_price_is_loading_correctly_Test -->
  <testcase classname="myAccountInformationSectionTestCases.Change_Email_Password_Form_Validation" name="Check_to_Pass_Valid_And_All_type_of_Invalid_Data_in_the_change_email_password_textbox" time="0.0">
    <skipped/>
  </testcase> <!-- Check_to_Pass_Valid_And_All_type_of_Invalid_Data_in_the_change_email_password_textbox -->
  <testcase classname="collectionSectionTestCases.Click_on_Floral_collection_and_check_of_all_shapes_of_Floral_collection" name="Click_on_Floral_link_and_check_of_all_shapes_of_Floral_collection" time="0.0">
    <skipped/>
  </testcase> <!-- Click_on_Floral_link_and_check_of_all_shapes_of_Floral_collection -->
  <testcase classname="collectionSectionTestCases.Click_on_Absract_collection_and_check_of_all_shapes_of_Abstract_collection" name="Click_on_Absract_link_and_check_of_all_shapes_of_Abstract_collection" time="0.0">
    <skipped/>
  </testcase> <!-- Click_on_Absract_link_and_check_of_all_shapes_of_Abstract_collection -->
  <testcase classname="headerSectionTestCases.Checking_all_to_bag_link_it_is_working_properly_after_click_on_link" name="Checking_all_to_bag_link_it_is_working_properly_after_click_on_link_Test" time="0.0">
    <skipped/>
  </testcase> <!-- Checking_all_to_bag_link_it_is_working_properly_after_click_on_link_Test -->
  <testcase classname="checkOutPageSectionTestCases.Checkout_page_Search_address_by_zippostal_code" name="Check_And_Verify_To_Pass_Data_In_Zip_Code_Textbox_Checkout_page_Search_address_by_zippostal_code_Test" time="0.0">
    <skipped/>
  </testcase> <!-- Check_And_Verify_To_Pass_Data_In_Zip_Code_Textbox_Checkout_page_Search_address_by_zippostal_code_Test -->
  <testcase classname="PDPSectionTestCases.Testing_if_colour_suggestions_are_loading_correctly" name="Testing_if_colour_suggestions_are_loading_correctly_Test" time="0.0">
    <skipped/>
  </testcase> <!-- Testing_if_colour_suggestions_are_loading_correctly_Test -->
  <testcase classname="headerSectionTestCases.Checking_wishlist_link_it_is_showing_all_save_to_wishlist_rug" name="Checking_wishlist_link_it_is_showing_all_save_to_wishlist_rug_Test" time="0.0">
    <skipped/>
  </testcase> <!-- Checking_wishlist_link_it_is_showing_all_save_to_wishlist_rug_Test -->
  <testcase classname="headerSectionTestCases.Check_mouseover_on_the_discover_link_and_it_is_showing_all_features" name="Check_mouseover_on_the_discover_link_and_it_is_showing_all_features_Test" time="0.0">
    <skipped/>
  </testcase> <!-- Check_mouseover_on_the_discover_link_and_it_is_showing_all_features_Test -->
  <testcase classname="PDPSectionTestCases.Testing_if_materials_are_loading_correctly" name="Testing_if_materials_are_loading_correctly_Test" time="0.0">
    <skipped/>
  </testcase> <!-- Testing_if_materials_are_loading_correctly_Test -->
  <testcase classname="checkOutPageSectionTestCases.Checkout_page_Mandatory_field" name="Check_And_Pass_Data_In_All_Mandatory_FieldCheckout_page_Mandatory_field_Test" time="0.0">
    <skipped/>
  </testcase> <!-- Check_And_Pass_Data_In_All_Mandatory_FieldCheckout_page_Mandatory_field_Test -->
  <testcase classname="headerSectionTestCases.Check_Motifs_pattern_link_and_click_all_shapes_of_Motifs_pattern_rug_showing" name="Check_Motifs_pattern_link_and_click_all_shapes_of_Motifs_pattern_rug_showing_Test" time="0.0">
    <skipped/>
  </testcase> <!-- Check_Motifs_pattern_link_and_click_all_shapes_of_Motifs_pattern_rug_showing_Test -->
  <testcase classname="footerSectionTestCases.Check_all_link_mention_below_shopping_with_us" name="Check_all_link_mention_below_shopping_with_us_module" time="0.0">
    <skipped/>
  </testcase> <!-- Check_all_link_mention_below_shopping_with_us_module -->
  <testcase classname="headerSectionTestCases.Click_on_sign_in_after_passing_data" name="Click_on_sign_in_after_passing_data_Test" time="0.0">
    <skipped/>
  </testcase> <!-- Click_on_sign_in_after_passing_data_Test -->
  <testcase classname="checkOutPageSectionTestCases.Checkout_page_Company_name" name="Test_Verify_whether_Company_Name_Pass_Or_Not_And_Pass_any_Name" time="0.0">
    <skipped/>
  </testcase> <!-- Test_Verify_whether_Company_Name_Pass_Or_Not_And_Pass_any_Name -->
  <testcase classname="PDPSectionTestCases.Testing_to_see_if_all_defualt_screen_placement_colors_drop_down_bar" name="Testing_to_see_if_all_defualt_screen_placement_colors_drop_down_bar_Test" time="0.0">
    <skipped/>
  </testcase> <!-- Testing_to_see_if_all_defualt_screen_placement_colors_drop_down_bar_Test -->
  <testcase classname="headerSectionTestCases.Check_Textiles_Link_Of_Rug_Style_and_Click_All_Shapes_of_Textiles_Rugs" name="Check_Textiles_Link_Of_Rug_Style_and_Click_All_Shapes_of_Textiles_Rugs_Test" time="0.0">
    <skipped/>
  </testcase> <!-- Check_Textiles_Link_Of_Rug_Style_and_Click_All_Shapes_of_Textiles_Rugs_Test -->
  <testcase classname="wishListSectionTestCases.Check_Load_Feel_Page" name="Check_And_Test_All_Details_Check_Load_Feel_Page_Test" time="0.0">
    <skipped/>
  </testcase> <!-- Check_And_Test_All_Details_Check_Load_Feel_Page_Test -->
  <testcase classname="formValidationSectionTestCases.Pass_Valid_And_Invalid_data_in_Add_Address_textbox" name="Pass_Valid_And_Invalid_data_in_Add_Address_textbox_Test" time="0.0">
    <skipped/>
  </testcase> <!-- Pass_Valid_And_Invalid_data_in_Add_Address_textbox_Test -->
  <testcase classname="headerSectionTestCases.Check_press_link_it_is_working" name="Check_press_link_it_is_working_Test" time="0.0">
    <skipped/>
  </testcase> <!-- Check_press_link_it_is_working_Test -->
  <testcase classname="footerSectionTestCases.Check_contact_link" name="click_on_contact" time="0.0">
    <skipped/>
  </testcase> <!-- click_on_contact -->
  <testcase classname="headerSectionTestCases.Check_Stripe_pattern_link_and_click_all_shapes_of_Stripe_pattern_rug_showing" name="Check_Stripe_pattern_link_and_click_all_shapes_of_Stripe_pattern_rug_showing_Test" time="0.0">
    <skipped/>
  </testcase> <!-- Check_Stripe_pattern_link_and_click_all_shapes_of_Stripe_pattern_rug_showing_Test -->
  <testcase classname="headerSectionTestCases.Check_Round_shape_of_all_rugs" name="Check_Round_shape_of_all_rugs_Test" time="0.0">
    <skipped/>
  </testcase> <!-- Check_Round_shape_of_all_rugs_Test -->
  <testcase classname="headerSectionTestCases.Check_Repeat_Link_Of_Rug_Style_and_Click_All_Shapes_of_Repeat_Rugs" name="Check_Repeat_Link_Of_Rug_Style_and_Click_All_Shapes_of_Repeat_Rugs_Test" time="0.0">
    <skipped/>
  </testcase> <!-- Check_Repeat_Link_Of_Rug_Style_and_Click_All_Shapes_of_Repeat_Rugs_Test -->
</testsuite> <!-- Test -->
