<?xml version="1.0" encoding="UTF-8"?>
<testng-results ignored="0" total="1" passed="1" failed="0" skipped="0">
  <reporter-output>
  </reporter-output>
  <suite started-at="2022-06-26T18:22:27 IST" name="Suite" finished-at="2022-06-26T18:23:39 IST" duration-ms="71613">
    <groups>
    </groups>
    <test started-at="2022-06-26T18:22:27 IST" name="Test" finished-at="2022-06-26T18:23:39 IST" duration-ms="71613">
      <class name="art.Articles_Pages_Testing">
        <test-method is-config="true" signature="launchBrowser()[pri:0, instance:art.Articles_Pages_Testing@1cbb87f3]" started-at="2022-06-26T18:22:28 IST" name="launchBrowser" finished-at="2022-06-26T18:22:52 IST" duration-ms="24725" status="PASS">
          <reporter-output>
          </reporter-output>
        </test-method> <!-- launchBrowser -->
        <test-method signature="Articles_Pages_Testing_Test()[pri:0, instance:art.Articles_Pages_Testing@1cbb87f3]" started-at="2022-06-26T18:22:52 IST" name="Articles_Pages_Testing_Test" finished-at="2022-06-26T18:23:39 IST" duration-ms="46502" status="PASS">
          <reporter-output>
          </reporter-output>
        </test-method> <!-- Articles_Pages_Testing_Test -->
        <test-method is-config="true" signature="closeBrowser()[pri:0, instance:art.Articles_Pages_Testing@1cbb87f3]" started-at="2022-06-26T18:23:39 IST" name="closeBrowser" finished-at="2022-06-26T18:23:39 IST" duration-ms="329" status="PASS">
          <reporter-output>
          </reporter-output>
        </test-method> <!-- closeBrowser -->
      </class> <!-- art.Articles_Pages_Testing -->
    </test> <!-- Test -->
  </suite> <!-- Suite -->
</testng-results>
