<?xml version="1.0" encoding="UTF-8"?>
<testng-results ignored="0" total="1" passed="1" failed="0" skipped="0">
  <reporter-output>
  </reporter-output>
  <suite started-at="2022-10-10T15:52:59 IST" name="Default suite" finished-at="2022-10-10T15:57:09 IST" duration-ms="250565">
    <groups>
    </groups>
    <test started-at="2022-10-10T15:52:59 IST" name="Default test" finished-at="2022-10-10T15:57:09 IST" duration-ms="250565">
      <class name="checkOutPageSectionTestCases.Checkout_page_City">
        <test-method is-config="true" signature="setup()[pri:0, instance:checkOutPageSectionTestCases.Checkout_page_City@2a54a73f]" started-at="2022-10-10T15:52:59 IST" name="setup" finished-at="2022-10-10T15:54:28 IST" duration-ms="88826" status="PASS">
          <reporter-output>
          </reporter-output>
        </test-method> <!-- setup -->
        <test-method signature="Test_And_Verify_is_able_to_Pass_city_is_Name_in_checkoutPage()[pri:0, instance:checkOutPageSectionTestCases.Checkout_page_City@2a54a73f]" started-at="2022-10-10T15:54:28 IST" name="Test_And_Verify_is_able_to_Pass_city_is_Name_in_checkoutPage" finished-at="2022-10-10T15:57:09 IST" duration-ms="161042" status="PASS">
          <reporter-output>
          </reporter-output>
        </test-method> <!-- Test_And_Verify_is_able_to_Pass_city_is_Name_in_checkoutPage -->
        <test-method is-config="true" signature="close()[pri:0, instance:checkOutPageSectionTestCases.Checkout_page_City@2a54a73f]" started-at="2022-10-10T15:57:09 IST" name="close" finished-at="2022-10-10T15:57:09 IST" duration-ms="623" status="PASS">
          <reporter-output>
          </reporter-output>
        </test-method> <!-- close -->
      </class> <!-- checkOutPageSectionTestCases.Checkout_page_City -->
    </test> <!-- Default test -->
  </suite> <!-- Default suite -->
</testng-results>
